<?xml version="1.0" encoding="UTF-8"?>
<robot generator="Robot 6.1.1 (Python 3.11.2 on linux)" generated="20241010 16:06:03.012" rpa="false" schemaversion="4">
<suite id="s1" name="Morpheus-Hypnos" source="/home/Leonel/Documents/morpheus-hypnos-v4/morpheus-hypnos">
<suite id="s1-s1" name="Tests" source="/home/Leonel/Documents/morpheus-hypnos-v4/morpheus-hypnos/tests">
<suite id="s1-s1-s1" name="Smoke" source="/home/Leonel/Documents/morpheus-hypnos-v4/morpheus-hypnos/tests/smoke">
<suite id="s1-s1-s1-s1" name="Network" source="/home/Leonel/Documents/morpheus-hypnos-v4/morpheus-hypnos/tests/smoke/network">
<suite id="s1-s1-s1-s1-s1" name="Captive Portal" source="/home/Leonel/Documents/morpheus-hypnos-v4/morpheus-hypnos/tests/smoke/network/captive_portal">
<suite id="s1-s1-s1-s1-s1-s1" name="Portuguese" source="/home/Leonel/Documents/morpheus-hypnos-v4/morpheus-hypnos/tests/smoke/network/captive_portal/portuguese.robot">
<kw name="Run Keywords" library="BuiltIn" type="SETUP">
<arg>Setup browser</arg>
<arg>url=${DUT_LOGIN_WEBPAGE_URL}</arg>
<arg>AND</arg>
<arg>Login to DUT</arg>
<arg>language=portuguese</arg>
<arg>AND</arg>
<arg>Access network captive portal settings page</arg>
<doc>Executes all the given keywords in a sequence.</doc>
<kw name="Setup browser" library="common_resources">
<arg>url=${DUT_LOGIN_WEBPAGE_URL}</arg>
<kw name="Convert To Boolean" library="BuiltIn">
<var>${GLOBAL_DEBUG_BROWSER}</var>
<arg>${GLOBAL_DEBUG_BROWSER}</arg>
<doc>Converts the given item to Boolean true or false.</doc>
<msg timestamp="20241010 16:06:04.318" level="INFO">${GLOBAL_DEBUG_BROWSER} = True</msg>
<status status="PASS" starttime="20241010 16:06:04.318" endtime="20241010 16:06:04.318"/>
</kw>
<if>
<branch type="IF" condition="not ${GLOBAL_DEBUG_BROWSER}">
<kw name="New Page" library="Browser">
<arg>${url}</arg>
<tag>BrowserControl</tag>
<tag>Setter</tag>
<doc>Open a new Page.</doc>
<status status="NOT RUN" starttime="20241010 16:06:04.320" endtime="20241010 16:06:04.320"/>
</kw>
<status status="NOT RUN" starttime="20241010 16:06:04.319" endtime="20241010 16:06:04.320"/>
</branch>
<branch type="ELSE">
<kw name="Open Browser" library="Browser">
<arg>${url}</arg>
<arg>pause_on_failure=${false}</arg>
<tag>BrowserControl</tag>
<tag>Setter</tag>
<doc>Opens a new browser instance. Use this keyword for quick experiments or debugging sessions.</doc>
<msg timestamp="20241010 16:06:04.322" level="WARN">Open Browser is for quick experimentation and debugging only. Use New Page for production.</msg>
<msg timestamp="20241010 16:06:04.323" level="INFO">{"browser": "chromium", "headless": false, "chromiumSandbox": false, "devtools": false, "handleSIGHUP": true, "handleSIGINT": true, "handleSIGTERM": true, "slowMo": 0.0, "timeout": 30000.0, "tracesDir": "/home/Leonel/Documents/morpheus-hypnos-v4/morpheus-hypnos/browser/traces/24ed02c2-9ec3-4064-a872-0d8bccf38c5d"}</msg>
<msg timestamp="20241010 16:06:04.725" level="INFO">Successfully created browser with options: {"browser":"chromium","headless":false,"chromiumSandbox":false,"devtools":false,"handleSIGHUP":true,"handleSIGINT":true,"handleSIGTERM":true,"slowMo":0,"timeout":30000,"tracesDir":"/home/Leonel/Documents/morpheus-hypnos-v4/morpheus-hypnos/browser/traces/24ed02c2-9ec3-4064-a872-0d8bccf38c5d"}</msg>
<msg timestamp="20241010 16:06:04.726" level="INFO">{
  "acceptDownloads": true,
  "bypassCSP": true,
  "forcedColors": "none",
  "hideRfBrowser": "",
  "ignoreHTTPSErrors": false,
  "javaScriptEnabled": true,
  "offline": false,
  "reducedMotion": "no-preference",
  "serviceWorkers": "allow",
  "viewport": {
    "height": 720,
    "width": 1280
  }
}</msg>
<msg timestamp="20241010 16:06:04.765" level="INFO">Successfully created context. </msg>
<msg timestamp="20241010 16:06:04.765" level="INFO">{'acceptDownloads': True, 'bypassCSP': True, 'forcedColors': 'none', 'hideRfBrowser': '', 'ignoreHTTPSErrors': False, 'javaScriptEnabled': True, 'offline': False, 'reducedMotion': 'no-preference', 'serviceWorkers': 'allow', 'viewport': {'height': 720, 'width': 1280}}</msg>
<msg timestamp="20241010 16:06:06.118" level="INFO">Successfully initialized new page object and opened url: http://192.168.0.72:80/login</msg>
<status status="PASS" starttime="20241010 16:06:04.321" endtime="20241010 16:06:06.119"/>
</kw>
<status status="PASS" starttime="20241010 16:06:04.320" endtime="20241010 16:06:06.119"/>
</branch>
<status status="PASS" starttime="20241010 16:06:04.319" endtime="20241010 16:06:06.119"/>
</if>
<status status="PASS" starttime="20241010 16:06:04.317" endtime="20241010 16:06:06.120"/>
</kw>
<kw name="Login to DUT" library="common_resources">
<arg>language=portuguese</arg>
<kw name="Go to DUT login webpage" library="common_resources">
<kw name="Log To Console" library="BuiltIn">
<arg>Logging into DUT</arg>
<doc>Logs the given message to the console.</doc>
<status status="PASS" starttime="20241010 16:06:06.122" endtime="20241010 16:06:06.123"/>
</kw>
<kw name="Go To" library="Browser">
<arg>${DUT_LOGIN_WEBPAGE_URL}</arg>
<tag>BrowserControl</tag>
<tag>Setter</tag>
<doc>Navigates to the given ``url``.</doc>
<msg timestamp="20241010 16:06:06.489" level="INFO">Successfully opened URL http://192.168.0.72:80/login</msg>
<status status="PASS" starttime="20241010 16:06:06.124" endtime="20241010 16:06:06.489"/>
</kw>
<kw name="Wait Until Network Is Idle" library="Browser">
<arg>20s</arg>
<tag>HTTP</tag>
<tag>Wait</tag>
<doc>Waits until there has been at least one instance of 500 ms of no network traffic on the page after loading.</doc>
<status status="PASS" starttime="20241010 16:06:06.490" endtime="20241010 16:06:07.257"/>
</kw>
<status status="PASS" starttime="20241010 16:06:06.121" endtime="20241010 16:06:07.257"/>
</kw>
<kw name="Open language selection dropdown menu" library="login">
<kw name="Get Element States" library="Browser">
<var>${elem_states}</var>
<arg>${LOGIN_PAGE_LANGUAGE_SELECT_OPTIONS_DROPDOWN}</arg>
<tag>Assertion</tag>
<tag>Getter</tag>
<tag>PageContent</tag>
<doc>Get the active states from the element found by ``selector``.</doc>
<msg timestamp="20241010 16:06:07.359" level="INFO">States are: ['attached', 'hidden', 'enabled', 'editable', 'defocused']</msg>
<msg timestamp="20241010 16:06:07.359" level="INFO">${elem_states} = ['attached', 'hidden', 'enabled', 'editable', 'defocused']</msg>
<status status="PASS" starttime="20241010 16:06:07.258" endtime="20241010 16:06:07.359"/>
</kw>
<if>
<branch type="IF" condition="&quot;hidden&quot; in ${elem_states}">
<kw name="Click" library="Browser">
<arg>${LOGIN_PAGE_LANGUAGE_SELECT}</arg>
<tag>PageContent</tag>
<tag>Setter</tag>
<doc>Simulates mouse click on the element found by ``selector``.</doc>
<status status="PASS" starttime="20241010 16:06:07.361" endtime="20241010 16:06:07.450"/>
</kw>
<status status="PASS" starttime="20241010 16:06:07.360" endtime="20241010 16:06:07.450"/>
</branch>
<status status="PASS" starttime="20241010 16:06:07.360" endtime="20241010 16:06:07.450"/>
</if>
<status status="PASS" starttime="20241010 16:06:07.258" endtime="20241010 16:06:07.450"/>
</kw>
<if>
<branch type="IF" condition="&quot;${language}&quot; == &quot;portuguese&quot;">
<kw name="Select Portuguese language" library="login">
<kw name="Click" library="Browser">
<arg>${LOGIN_PAGE_LANGUAGE_SELECT_OPTION_PT}</arg>
<tag>PageContent</tag>
<tag>Setter</tag>
<doc>Simulates mouse click on the element found by ``selector``.</doc>
<status status="PASS" starttime="20241010 16:06:07.451" endtime="20241010 16:06:07.523"/>
</kw>
<status status="PASS" starttime="20241010 16:06:07.451" endtime="20241010 16:06:07.524"/>
</kw>
<status status="PASS" starttime="20241010 16:06:07.450" endtime="20241010 16:06:07.524"/>
</branch>
<branch type="ELSE IF" condition="&quot;${language}&quot; == &quot;english&quot;">
<kw name="Select English language" library="login">
<status status="NOT RUN" starttime="20241010 16:06:07.526" endtime="20241010 16:06:07.526"/>
</kw>
<status status="NOT RUN" starttime="20241010 16:06:07.525" endtime="20241010 16:06:07.527"/>
</branch>
<branch type="ELSE IF" condition="&quot;${language}&quot; == &quot;spanish&quot;">
<kw name="Select Spanish language" library="login">
<status status="NOT RUN" starttime="20241010 16:06:07.529" endtime="20241010 16:06:07.530"/>
</kw>
<status status="NOT RUN" starttime="20241010 16:06:07.527" endtime="20241010 16:06:07.530"/>
</branch>
<status status="PASS" starttime="20241010 16:06:07.450" endtime="20241010 16:06:07.530"/>
</if>
<kw name="Enter username &quot;${DUT_MGMT_USER}&quot;" library="login" sourcename="Enter username &quot;${username}&quot;">
<kw name="Type Text" library="Browser">
<arg>${LOGIN_PAGE_USERNAME_INPUT}</arg>
<arg>${username}</arg>
<tag>PageContent</tag>
<tag>Setter</tag>
<doc>Types the given ``txt`` into the text field found by ``selector``.</doc>
<msg timestamp="20241010 16:06:07.534" level="INFO">Types the text 'admin' in the given field.</msg>
<status status="PASS" starttime="20241010 16:06:07.533" endtime="20241010 16:06:07.636"/>
</kw>
<status status="PASS" starttime="20241010 16:06:07.531" endtime="20241010 16:06:07.636"/>
</kw>
<kw name="Enter password &quot;${DUT_MGMT_PASSWORD}&quot;" library="login" sourcename="Enter password &quot;${password}&quot;">
<kw name="Type Secret" library="Browser">
<arg>${LOGIN_PAGE_PASSWORD_INPUT}</arg>
<arg>$password</arg>
<tag>PageContent</tag>
<tag>Setter</tag>
<doc>Types the given secret from ``variable_name`` into the text field
found by ``selector``.</doc>
<status status="PASS" starttime="20241010 16:06:07.637" endtime="20241010 16:06:07.803"/>
</kw>
<status status="PASS" starttime="20241010 16:06:07.636" endtime="20241010 16:06:07.804"/>
</kw>
<kw name="Click login button" library="login">
<kw name="Click" library="Browser">
<arg>${LOGIN_PAGE_LOGIN_BUTTON}</arg>
<tag>PageContent</tag>
<tag>Setter</tag>
<doc>Simulates mouse click on the element found by ``selector``.</doc>
<status status="PASS" starttime="20241010 16:06:07.804" endtime="20241010 16:06:07.892"/>
</kw>
<status status="PASS" starttime="20241010 16:06:07.804" endtime="20241010 16:06:07.892"/>
</kw>
<kw name="Sleep" library="BuiltIn">
<arg>3s</arg>
<doc>Pauses the test executed for the given time.</doc>
<msg timestamp="20241010 16:06:10.893" level="INFO">Slept 3 seconds</msg>
<status status="PASS" starttime="20241010 16:06:07.892" endtime="20241010 16:06:10.893"/>
</kw>
<kw name="Run Keyword And Return Status" library="BuiltIn">
<var>${submenu_is_visible}</var>
<arg>Get element states</arg>
<arg>${MODAL_PASSWORD_ERROR}</arg>
<arg>contains</arg>
<arg>visible</arg>
<doc>Runs the given keyword with given arguments and returns the status as a Boolean value.</doc>
<kw name="Get Element States" library="Browser">
<arg>${MODAL_PASSWORD_ERROR}</arg>
<arg>contains</arg>
<arg>visible</arg>
<tag>Assertion</tag>
<tag>Getter</tag>
<tag>PageContent</tag>
<doc>Get the active states from the element found by ``selector``.</doc>
<msg timestamp="20241010 16:06:12.490" level="INFO" html="true">&lt;/td&gt;&lt;/tr&gt;&lt;tr&gt;&lt;td colspan="3"&gt;&lt;a href="browser/screenshot/fail-screenshot-1.png" target="_blank"&gt;&lt;img src="browser/screenshot/fail-screenshot-1.png" width="800px"/&gt;&lt;/a&gt;</msg>
<msg timestamp="20241010 16:06:12.490" level="INFO">See also file:///home/Leonel/Documents/morpheus-hypnos-v4/morpheus-hypnos/playwright-log.txt for additional details.</msg>
<msg timestamp="20241010 16:06:12.490" level="FAIL">Elements states '['detached']' (list) should contain '['visible']' (list)</msg>
<status status="FAIL" starttime="20241010 16:06:10.896" endtime="20241010 16:06:12.494"/>
</kw>
<msg timestamp="20241010 16:06:12.495" level="INFO">${submenu_is_visible} = False</msg>
<status status="PASS" starttime="20241010 16:06:10.895" endtime="20241010 16:06:12.495"/>
</kw>
<if>
<branch type="IF" condition="${submenu_is_visible}">
<kw name="Try first access password" library="common_resources">
<status status="NOT RUN" starttime="20241010 16:06:12.497" endtime="20241010 16:06:12.497"/>
</kw>
<status status="NOT RUN" starttime="20241010 16:06:12.496" endtime="20241010 16:06:12.497"/>
</branch>
<status status="PASS" starttime="20241010 16:06:12.495" endtime="20241010 16:06:12.498"/>
</if>
<kw name="Wait Until Network Is Idle" library="Browser">
<arg>5s</arg>
<tag>HTTP</tag>
<tag>Wait</tag>
<doc>Waits until there has been at least one instance of 500 ms of no network traffic on the page after loading.</doc>
<status status="PASS" starttime="20241010 16:06:12.498" endtime="20241010 16:06:12.503"/>
</kw>
<kw name="Check If Current URL Is First Access" library="common_resources">
<kw name="Sleep" library="BuiltIn">
<arg>3s</arg>
<doc>Pauses the test executed for the given time.</doc>
<msg timestamp="20241010 16:06:15.505" level="INFO">Slept 3 seconds</msg>
<status status="PASS" starttime="20241010 16:06:12.504" endtime="20241010 16:06:15.506"/>
</kw>
<kw name="Get Url" library="Browser">
<var>${current_url}</var>
<tag>Assertion</tag>
<tag>Getter</tag>
<tag>PageContent</tag>
<doc>Returns the current URL.</doc>
<msg timestamp="20241010 16:06:15.518" level="INFO">${current_url} = http://192.168.0.72/dashboard</msg>
<status status="PASS" starttime="20241010 16:06:15.507" endtime="20241010 16:06:15.518"/>
</kw>
<kw name="Run Keyword If" library="BuiltIn">
<arg>'${current_url}' == '${FIRST_ACCESS_URL}'</arg>
<arg>Set Global Variable</arg>
<arg>${IS_LOGIN_FIRST_ACCESS}</arg>
<arg>True</arg>
<doc>Runs the given keyword with the given arguments, if ``condition`` is true.</doc>
<status status="PASS" starttime="20241010 16:06:15.518" endtime="20241010 16:06:15.519"/>
</kw>
<kw name="Log" library="BuiltIn">
<arg>${IS_LOGIN_FIRST_ACCESS}</arg>
<doc>Logs the given message with the given level.</doc>
<msg timestamp="20241010 16:06:15.520" level="INFO">False</msg>
<status status="PASS" starttime="20241010 16:06:15.520" endtime="20241010 16:06:15.520"/>
</kw>
<status status="PASS" starttime="20241010 16:06:12.504" endtime="20241010 16:06:15.520"/>
</kw>
<status status="PASS" starttime="20241010 16:06:06.120" endtime="20241010 16:06:15.521"/>
</kw>
<kw name="Access network captive portal settings page" library="captive_portal">
<kw name="Run Keyword And Return Status" library="BuiltIn">
<var>${submenu_is_visible}</var>
<arg>Get element states</arg>
<arg>${SIDEMENU_NETWORK_SUBMENU}</arg>
<arg>contains</arg>
<arg>visible</arg>
<doc>Runs the given keyword with given arguments and returns the status as a Boolean value.</doc>
<kw name="Get Element States" library="Browser">
<arg>${SIDEMENU_NETWORK_SUBMENU}</arg>
<arg>contains</arg>
<arg>visible</arg>
<tag>Assertion</tag>
<tag>Getter</tag>
<tag>PageContent</tag>
<doc>Get the active states from the element found by ``selector``.</doc>
<msg timestamp="20241010 16:06:15.574" level="INFO">States are: ['attached', 'visible', 'enabled', 'editable', 'defocused']</msg>
<status status="PASS" starttime="20241010 16:06:15.522" endtime="20241010 16:06:15.574"/>
</kw>
<msg timestamp="20241010 16:06:15.574" level="INFO">${submenu_is_visible} = True</msg>
<status status="PASS" starttime="20241010 16:06:15.521" endtime="20241010 16:06:15.574"/>
</kw>
<if>
<branch type="IF" condition="not ${submenu_is_visible}">
<kw name="Click" library="Browser">
<arg>${SIDEMENU_TOGGLE}</arg>
<tag>PageContent</tag>
<tag>Setter</tag>
<doc>Simulates mouse click on the element found by ``selector``.</doc>
<status status="NOT RUN" starttime="20241010 16:06:15.576" endtime="20241010 16:06:15.576"/>
</kw>
<kw name="Wait For Elements State" library="Browser">
<arg>${SIDEMENU_NETWORK_SUBMENU}</arg>
<arg>visible</arg>
<arg>5s</arg>
<arg>Network submenu was not visible (5 seconds timeout).</arg>
<tag>PageContent</tag>
<tag>Wait</tag>
<doc>Waits for the element found by ``selector`` to satisfy state option.</doc>
<status status="NOT RUN" starttime="20241010 16:06:15.576" endtime="20241010 16:06:15.577"/>
</kw>
<status status="NOT RUN" starttime="20241010 16:06:15.575" endtime="20241010 16:06:15.577"/>
</branch>
<status status="PASS" starttime="20241010 16:06:15.575" endtime="20241010 16:06:15.577"/>
</if>
<kw name="Run Keyword And Return Status" library="BuiltIn">
<var>${ntp_option_is_visible}</var>
<arg>Get element states</arg>
<arg>${SIDEMENU_NETWORK_CAPTIVE_PORTAL}</arg>
<arg>contains</arg>
<arg>visible</arg>
<doc>Runs the given keyword with given arguments and returns the status as a Boolean value.</doc>
<kw name="Get Element States" library="Browser">
<arg>${SIDEMENU_NETWORK_CAPTIVE_PORTAL}</arg>
<arg>contains</arg>
<arg>visible</arg>
<tag>Assertion</tag>
<tag>Getter</tag>
<tag>PageContent</tag>
<doc>Get the active states from the element found by ``selector``.</doc>
<msg timestamp="20241010 16:06:17.150" level="INFO" html="true">&lt;/td&gt;&lt;/tr&gt;&lt;tr&gt;&lt;td colspan="3"&gt;&lt;a href="browser/screenshot/fail-screenshot-2.png" target="_blank"&gt;&lt;img src="browser/screenshot/fail-screenshot-2.png" width="800px"/&gt;&lt;/a&gt;</msg>
<msg timestamp="20241010 16:06:17.150" level="INFO">See also file:///home/Leonel/Documents/morpheus-hypnos-v4/morpheus-hypnos/playwright-log.txt for additional details.</msg>
<msg timestamp="20241010 16:06:17.150" level="FAIL">Elements states '['detached']' (list) should contain '['visible']' (list)</msg>
<status status="FAIL" starttime="20241010 16:06:15.578" endtime="20241010 16:06:17.152"/>
</kw>
<msg timestamp="20241010 16:06:17.152" level="INFO">${ntp_option_is_visible} = False</msg>
<status status="PASS" starttime="20241010 16:06:15.577" endtime="20241010 16:06:17.152"/>
</kw>
<if>
<branch type="IF" condition="not ${ntp_option_is_visible}">
<kw name="Click" library="Browser">
<arg>${SIDEMENU_NETWORK_SUBMENU}</arg>
<tag>PageContent</tag>
<tag>Setter</tag>
<doc>Simulates mouse click on the element found by ``selector``.</doc>
<status status="PASS" starttime="20241010 16:06:17.153" endtime="20241010 16:06:17.258"/>
</kw>
<kw name="Wait For Elements State" library="Browser">
<arg>${SIDEMENU_NETWORK_CAPTIVE_PORTAL}</arg>
<arg>visible</arg>
<arg>5s</arg>
<arg>Network captive portal submenu option was not visible (5 seconds timeout).</arg>
<tag>PageContent</tag>
<tag>Wait</tag>
<doc>Waits for the element found by ``selector`` to satisfy state option.</doc>
<msg timestamp="20241010 16:06:17.268" level="INFO">Waited for Element with selector xpath=//*[@id="sidebar-options-menu"]/div[2]/ul/div[6]/p at state visible</msg>
<status status="PASS" starttime="20241010 16:06:17.258" endtime="20241010 16:06:17.269"/>
</kw>
<status status="PASS" starttime="20241010 16:06:17.153" endtime="20241010 16:06:17.269"/>
</branch>
<status status="PASS" starttime="20241010 16:06:17.152" endtime="20241010 16:06:17.269"/>
</if>
<kw name="Click" library="Browser">
<arg>${SIDEMENU_NETWORK_CAPTIVE_PORTAL}</arg>
<tag>PageContent</tag>
<tag>Setter</tag>
<doc>Simulates mouse click on the element found by ``selector``.</doc>
<status status="PASS" starttime="20241010 16:06:17.269" endtime="20241010 16:06:17.362"/>
</kw>
<kw name="Sleep" library="BuiltIn">
<arg>6</arg>
<doc>Pauses the test executed for the given time.</doc>
<msg timestamp="20241010 16:06:23.363" level="INFO">Slept 6 seconds</msg>
<status status="PASS" starttime="20241010 16:06:17.362" endtime="20241010 16:06:23.363"/>
</kw>
<status status="PASS" starttime="20241010 16:06:15.521" endtime="20241010 16:06:23.364"/>
</kw>
<status status="PASS" starttime="20241010 16:06:04.315" endtime="20241010 16:06:23.364"/>
</kw>
<test id="s1-s1-s1-s1-s1-s1-t1" name="Factory Default settings for network captive portal are correct (bridge)" line="24">
<kw name="[Captive Portal] pop up title should be &quot;Aviso&quot;" library="captive_portal" sourcename="[Captive Portal] pop up title should be &quot;${text}&quot;">
<doc>This pop up appears only in bridge mode</doc>
<kw name="Get Text" library="Browser">
<arg>${NETWORK_CAPTIVE_PORTAL_PAGE_POP_UP_TITLE}</arg>
<arg>==</arg>
<arg>${text}</arg>
<tag>Assertion</tag>
<tag>Getter</tag>
<tag>PageContent</tag>
<doc>Returns text attribute of the element found by ``selector``.</doc>
<msg timestamp="20241010 16:06:23.417" level="INFO">Text: 'Aviso'</msg>
<status status="PASS" starttime="20241010 16:06:23.376" endtime="20241010 16:06:23.418"/>
</kw>
<status status="PASS" starttime="20241010 16:06:23.375" endtime="20241010 16:06:23.418"/>
</kw>
<kw name="[Captive Portal] pop up text should be &quot;Esta funcionalidade está disponível apenas quando o modo de operação for roteador.&quot;" library="captive_portal" sourcename="[Captive Portal] pop up text should be &quot;${text}&quot;">
<doc>This pop up appears only in bridge mode</doc>
<kw name="Get Text" library="Browser">
<arg>${NETWORK_CAPTIVE_PORTAL_PAGE_POP_UP_TEXT}</arg>
<arg>==</arg>
<arg>${text}</arg>
<tag>Assertion</tag>
<tag>Getter</tag>
<tag>PageContent</tag>
<doc>Returns text attribute of the element found by ``selector``.</doc>
<msg timestamp="20241010 16:06:23.468" level="INFO">Text: 'Esta funcionalidade está disponível apenas quando o modo de operação for roteador.'</msg>
<status status="PASS" starttime="20241010 16:06:23.421" endtime="20241010 16:06:23.468"/>
</kw>
<status status="PASS" starttime="20241010 16:06:23.419" endtime="20241010 16:06:23.468"/>
</kw>
<kw name="[Captive Portal] button text should be &quot;Fechar&quot;" library="captive_portal" sourcename="[Captive Portal] button text should be &quot;${text}&quot;">
<doc>This pop up appears only in bridge mode</doc>
<kw name="Get Text" library="Browser">
<arg>${NETWORK_CAPTIVE_PORTAL_PAGE_CLOSE_POP_UP_BUTTON}</arg>
<arg>==</arg>
<arg>${text}</arg>
<tag>Assertion</tag>
<tag>Getter</tag>
<tag>PageContent</tag>
<doc>Returns text attribute of the element found by ``selector``.</doc>
<msg timestamp="20241010 16:06:23.579" level="INFO">Text: 'Fechar'</msg>
<status status="PASS" starttime="20241010 16:06:23.470" endtime="20241010 16:06:23.580"/>
</kw>
<status status="PASS" starttime="20241010 16:06:23.469" endtime="20241010 16:06:23.580"/>
</kw>
<kw name="Close captive portal pop up" library="captive_portal">
<kw name="Click" library="Browser">
<arg>${NETWORK_CAPTIVE_PORTAL_PAGE_CLOSE_POP_UP_BUTTON}</arg>
<tag>PageContent</tag>
<tag>Setter</tag>
<doc>Simulates mouse click on the element found by ``selector``.</doc>
<status status="PASS" starttime="20241010 16:06:23.584" endtime="20241010 16:06:23.730"/>
</kw>
<status status="PASS" starttime="20241010 16:06:23.583" endtime="20241010 16:06:23.731"/>
</kw>
<kw name="No Operation" library="BuiltIn" type="TEARDOWN">
<doc>Does absolutely nothing.</doc>
<status status="PASS" starttime="20241010 16:06:23.733" endtime="20241010 16:06:23.733"/>
</kw>
<tag>captive-portal</tag>
<tag>lang-pt</tag>
<tag>robot:continue-on-failure</tag>
<tag>smoke</tag>
<status status="PASS" starttime="20241010 16:06:23.364" endtime="20241010 16:06:23.733"/>
</test>
<test id="s1-s1-s1-s1-s1-s1-t2" name="Change DUT to router mode" line="32">
<kw name="Access network operation mode settings page" library="operation_mode">
<kw name="Run Keyword And Return Status" library="BuiltIn">
<var>${submenu_is_visible}</var>
<arg>Get element states</arg>
<arg>${SIDEMENU_NETWORK_SUBMENU}</arg>
<arg>contains</arg>
<arg>visible</arg>
<doc>Runs the given keyword with given arguments and returns the status as a Boolean value.</doc>
<kw name="Get Element States" library="Browser">
<arg>${SIDEMENU_NETWORK_SUBMENU}</arg>
<arg>contains</arg>
<arg>visible</arg>
<tag>Assertion</tag>
<tag>Getter</tag>
<tag>PageContent</tag>
<doc>Get the active states from the element found by ``selector``.</doc>
<msg timestamp="20241010 16:06:23.902" level="INFO">States are: ['attached', 'visible', 'enabled', 'editable', 'defocused']</msg>
<status status="PASS" starttime="20241010 16:06:23.788" endtime="20241010 16:06:23.902"/>
</kw>
<msg timestamp="20241010 16:06:23.903" level="INFO">${submenu_is_visible} = True</msg>
<status status="PASS" starttime="20241010 16:06:23.787" endtime="20241010 16:06:23.903"/>
</kw>
<if>
<branch type="IF" condition="not ${submenu_is_visible}">
<kw name="Click" library="Browser">
<arg>${SIDEMENU_TOGGLE}</arg>
<tag>PageContent</tag>
<tag>Setter</tag>
<doc>Simulates mouse click on the element found by ``selector``.</doc>
<status status="NOT RUN" starttime="20241010 16:06:23.903" endtime="20241010 16:06:23.904"/>
</kw>
<kw name="Wait For Elements State" library="Browser">
<arg>${SIDEMENU_NETWORK_SUBMENU}</arg>
<arg>visible</arg>
<arg>5s</arg>
<arg>Network submenu was not visible (5 seconds timeout).</arg>
<tag>PageContent</tag>
<tag>Wait</tag>
<doc>Waits for the element found by ``selector`` to satisfy state option.</doc>
<status status="NOT RUN" starttime="20241010 16:06:23.904" endtime="20241010 16:06:23.904"/>
</kw>
<status status="NOT RUN" starttime="20241010 16:06:23.903" endtime="20241010 16:06:23.904"/>
</branch>
<status status="PASS" starttime="20241010 16:06:23.903" endtime="20241010 16:06:23.904"/>
</if>
<kw name="Run Keyword And Return Status" library="BuiltIn">
<var>${ntp_option_is_visible}</var>
<arg>Get element states</arg>
<arg>${SIDEMENU_NETWORK_OPMODE}</arg>
<arg>contains</arg>
<arg>visible</arg>
<doc>Runs the given keyword with given arguments and returns the status as a Boolean value.</doc>
<kw name="Get Element States" library="Browser">
<arg>${SIDEMENU_NETWORK_OPMODE}</arg>
<arg>contains</arg>
<arg>visible</arg>
<tag>Assertion</tag>
<tag>Getter</tag>
<tag>PageContent</tag>
<doc>Get the active states from the element found by ``selector``.</doc>
<msg timestamp="20241010 16:06:23.955" level="INFO">States are: ['attached', 'visible', 'enabled', 'editable', 'defocused']</msg>
<status status="PASS" starttime="20241010 16:06:23.905" endtime="20241010 16:06:23.955"/>
</kw>
<msg timestamp="20241010 16:06:23.956" level="INFO">${ntp_option_is_visible} = True</msg>
<status status="PASS" starttime="20241010 16:06:23.905" endtime="20241010 16:06:23.956"/>
</kw>
<if>
<branch type="IF" condition="not ${ntp_option_is_visible}">
<kw name="Click" library="Browser">
<arg>${SIDEMENU_NETWORK_SUBMENU}</arg>
<tag>PageContent</tag>
<tag>Setter</tag>
<doc>Simulates mouse click on the element found by ``selector``.</doc>
<status status="NOT RUN" starttime="20241010 16:06:23.957" endtime="20241010 16:06:23.958"/>
</kw>
<kw name="Wait For Elements State" library="Browser">
<arg>${SIDEMENU_NETWORK_OPMODE}</arg>
<arg>visible</arg>
<arg>5s</arg>
<arg>Network operation mode submenu option was not visible (5 seconds timeout).</arg>
<tag>PageContent</tag>
<tag>Wait</tag>
<doc>Waits for the element found by ``selector`` to satisfy state option.</doc>
<status status="NOT RUN" starttime="20241010 16:06:23.958" endtime="20241010 16:06:23.958"/>
</kw>
<status status="NOT RUN" starttime="20241010 16:06:23.956" endtime="20241010 16:06:23.959"/>
</branch>
<status status="PASS" starttime="20241010 16:06:23.956" endtime="20241010 16:06:23.959"/>
</if>
<kw name="Click" library="Browser">
<arg>${SIDEMENU_NETWORK_OPMODE}</arg>
<tag>PageContent</tag>
<tag>Setter</tag>
<doc>Simulates mouse click on the element found by ``selector``.</doc>
<status status="PASS" starttime="20241010 16:06:23.960" endtime="20241010 16:06:24.052"/>
</kw>
<status status="PASS" starttime="20241010 16:06:23.786" endtime="20241010 16:06:24.053"/>
</kw>
<kw name="Select network operation mode &quot;Roteador&quot;" library="operation_mode" sourcename="Select network operation mode &quot;${text}&quot;">
<kw name="Open network operation selection dropdown menu" library="operation_mode">
<kw name="Sleep" library="BuiltIn">
<arg>6</arg>
<doc>Pauses the test executed for the given time.</doc>
<msg timestamp="20241010 16:06:30.056" level="INFO">Slept 6 seconds</msg>
<status status="PASS" starttime="20241010 16:06:24.055" endtime="20241010 16:06:30.056"/>
</kw>
<kw name="Get Element States" library="Browser">
<var>${elem_states}</var>
<arg>${NETWORK_OPMODE_PAGE_OPMODE_SELECT_DROPDOWN}</arg>
<tag>Assertion</tag>
<tag>Getter</tag>
<tag>PageContent</tag>
<doc>Get the active states from the element found by ``selector``.</doc>
<msg timestamp="20241010 16:06:30.095" level="INFO">States are: ['attached', 'hidden', 'enabled', 'editable', 'defocused']</msg>
<msg timestamp="20241010 16:06:30.096" level="INFO">${elem_states} = ['attached', 'hidden', 'enabled', 'editable', 'defocused']</msg>
<status status="PASS" starttime="20241010 16:06:30.057" endtime="20241010 16:06:30.096"/>
</kw>
<if>
<branch type="IF" condition="&quot;hidden&quot; in ${elem_states}">
<kw name="Click" library="Browser">
<arg>${NETWORK_OPMODE_PAGE_OPMODE_SELECT}</arg>
<tag>PageContent</tag>
<tag>Setter</tag>
<doc>Simulates mouse click on the element found by ``selector``.</doc>
<status status="PASS" starttime="20241010 16:06:30.096" endtime="20241010 16:06:30.188"/>
</kw>
<status status="PASS" starttime="20241010 16:06:30.096" endtime="20241010 16:06:30.189"/>
</branch>
<status status="PASS" starttime="20241010 16:06:30.096" endtime="20241010 16:06:30.189"/>
</if>
<status status="PASS" starttime="20241010 16:06:24.054" endtime="20241010 16:06:30.190"/>
</kw>
<kw name="Get Elements" library="Browser">
<var>${opmodes_elem_list}</var>
<arg>css=[data-testid="opmode-select-dropdown"] li</arg>
<tag>Getter</tag>
<tag>PageContent</tag>
<doc>Returns a reference to Playwright [https://playwright.dev/docs/api/class-locator|Locator]
for all matched elements by ``selector``.</doc>
<msg timestamp="20241010 16:06:30.450" level="INFO">Found Locator@css=[data-testid="opmode-select-dropdown"] li &gt;&gt; nth=0,Locator@css=[data-testid="opmode-select-dropdown"] li &gt;&gt; nth=1 Locators successfully.</msg>
<msg timestamp="20241010 16:06:30.451" level="INFO">${opmodes_elem_list} = ['css=[data-testid="opmode-select-dropdown"] li &gt;&gt; nth=0', 'css=[data-testid="opmode-select-dropdown"] li &gt;&gt; nth=1']</msg>
<status status="PASS" starttime="20241010 16:06:30.191" endtime="20241010 16:06:30.451"/>
</kw>
<for flavor="IN">
<var>${opmode_elem}</var>
<value>@{opmodes_elem_list}</value>
<iter>
<var name="${opmode_elem}">css=[data-testid="opmode-select-dropdown"] li &gt;&gt; nth=0</var>
<kw name="Get Text" library="Browser">
<var>${opmode_text}</var>
<arg>${opmode_elem}</arg>
<tag>Assertion</tag>
<tag>Getter</tag>
<tag>PageContent</tag>
<doc>Returns text attribute of the element found by ``selector``.</doc>
<msg timestamp="20241010 16:06:30.485" level="INFO">Text: 'Bridge'</msg>
<msg timestamp="20241010 16:06:30.486" level="INFO">${opmode_text} = Bridge</msg>
<status status="PASS" starttime="20241010 16:06:30.453" endtime="20241010 16:06:30.486"/>
</kw>
<if>
<branch type="IF" condition="&quot;${opmode_text}&quot; == &quot;${text}&quot;">
<kw name="Click" library="Browser">
<arg>${opmode_elem}</arg>
<tag>PageContent</tag>
<tag>Setter</tag>
<doc>Simulates mouse click on the element found by ``selector``.</doc>
<status status="NOT RUN" starttime="20241010 16:06:30.486" endtime="20241010 16:06:30.486"/>
</kw>
<kw name="Get Element States" library="Browser">
<arg>[data-testid="opmode-select-dropdown"]</arg>
<arg>not contains</arg>
<arg>visible</arg>
<arg>message=Network operation mode dropdown did not automatically close upon selection.</arg>
<tag>Assertion</tag>
<tag>Getter</tag>
<tag>PageContent</tag>
<doc>Get the active states from the element found by ``selector``.</doc>
<status status="NOT RUN" starttime="20241010 16:06:30.487" endtime="20241010 16:06:30.487"/>
</kw>
<return>
<status status="NOT RUN" starttime="20241010 16:06:30.487" endtime="20241010 16:06:30.487"/>
</return>
<status status="NOT RUN" starttime="20241010 16:06:30.486" endtime="20241010 16:06:30.487"/>
</branch>
<status status="PASS" starttime="20241010 16:06:30.486" endtime="20241010 16:06:30.487"/>
</if>
<status status="PASS" starttime="20241010 16:06:30.452" endtime="20241010 16:06:30.487"/>
</iter>
<iter>
<var name="${opmode_elem}">css=[data-testid="opmode-select-dropdown"] li &gt;&gt; nth=1</var>
<kw name="Get Text" library="Browser">
<var>${opmode_text}</var>
<arg>${opmode_elem}</arg>
<tag>Assertion</tag>
<tag>Getter</tag>
<tag>PageContent</tag>
<doc>Returns text attribute of the element found by ``selector``.</doc>
<msg timestamp="20241010 16:06:30.517" level="INFO">Text: 'Roteador'</msg>
<msg timestamp="20241010 16:06:30.517" level="INFO">${opmode_text} = Roteador</msg>
<status status="PASS" starttime="20241010 16:06:30.488" endtime="20241010 16:06:30.517"/>
</kw>
<if>
<branch type="IF" condition="&quot;${opmode_text}&quot; == &quot;${text}&quot;">
<kw name="Click" library="Browser">
<arg>${opmode_elem}</arg>
<tag>PageContent</tag>
<tag>Setter</tag>
<doc>Simulates mouse click on the element found by ``selector``.</doc>
<status status="PASS" starttime="20241010 16:06:30.518" endtime="20241010 16:06:30.597"/>
</kw>
<kw name="Get Element States" library="Browser">
<arg>[data-testid="opmode-select-dropdown"]</arg>
<arg>not contains</arg>
<arg>visible</arg>
<arg>message=Network operation mode dropdown did not automatically close upon selection.</arg>
<tag>Assertion</tag>
<tag>Getter</tag>
<tag>PageContent</tag>
<doc>Get the active states from the element found by ``selector``.</doc>
<msg timestamp="20241010 16:06:30.649" level="INFO">States are: ['attached', 'hidden', 'enabled', 'editable', 'defocused']</msg>
<status status="PASS" starttime="20241010 16:06:30.598" endtime="20241010 16:06:30.649"/>
</kw>
<return>
<status status="PASS" starttime="20241010 16:06:30.650" endtime="20241010 16:06:30.650"/>
</return>
<status status="PASS" starttime="20241010 16:06:30.517" endtime="20241010 16:06:30.650"/>
</branch>
<status status="PASS" starttime="20241010 16:06:30.517" endtime="20241010 16:06:30.650"/>
</if>
<status status="PASS" starttime="20241010 16:06:30.488" endtime="20241010 16:06:30.650"/>
</iter>
<status status="PASS" starttime="20241010 16:06:30.451" endtime="20241010 16:06:30.650"/>
</for>
<kw name="Fail" library="BuiltIn">
<arg>Network operation mode ${text} is not available.</arg>
<doc>Fails the test with the given message and optionally alters its tags.</doc>
<status status="NOT RUN" starttime="20241010 16:06:30.651" endtime="20241010 16:06:30.651"/>
</kw>
<status status="PASS" starttime="20241010 16:06:24.053" endtime="20241010 16:06:30.651"/>
</kw>
<kw name="Save settings" library="common_resources">
<kw name="LocalStorage Get Item" library="Browser">
<var>${dut_language}</var>
<arg>lang</arg>
<tag>Assertion</tag>
<tag>Getter</tag>
<tag>PageContent</tag>
<doc>Get saved data from the local storage.</doc>
<msg timestamp="20241010 16:06:30.697" level="INFO">JavaScript executed successfully.</msg>
<msg timestamp="20241010 16:06:30.698" level="INFO">${dut_language} = pt-BR</msg>
<status status="PASS" starttime="20241010 16:06:30.652" endtime="20241010 16:06:30.699"/>
</kw>
<if>
<branch type="IF" condition="&quot;${dut_language}&quot; == &quot;pt-BR&quot;">
<kw name="Set Variable" library="BuiltIn">
<var>${save_settings_button_text}</var>
<arg>Salvar</arg>
<doc>Returns the given values which can then be assigned to a variables.</doc>
<msg timestamp="20241010 16:06:30.701" level="INFO">${save_settings_button_text} = Salvar</msg>
<status status="PASS" starttime="20241010 16:06:30.700" endtime="20241010 16:06:30.701"/>
</kw>
<kw name="Set Variable" library="BuiltIn">
<var>${save_settings_success_msg}</var>
<arg>Configurações salvas com sucesso.</arg>
<doc>Returns the given values which can then be assigned to a variables.</doc>
<msg timestamp="20241010 16:06:30.702" level="INFO">${save_settings_success_msg} = Configurações salvas com sucesso.</msg>
<status status="PASS" starttime="20241010 16:06:30.701" endtime="20241010 16:06:30.702"/>
</kw>
<status status="PASS" starttime="20241010 16:06:30.700" endtime="20241010 16:06:30.702"/>
</branch>
<branch type="ELSE IF" condition="&quot;${dut_language}&quot; == &quot;en&quot;">
<kw name="Set Variable" library="BuiltIn">
<var>${save_settings_button_text}</var>
<arg>Save</arg>
<doc>Returns the given values which can then be assigned to a variables.</doc>
<status status="NOT RUN" starttime="20241010 16:06:30.703" endtime="20241010 16:06:30.703"/>
</kw>
<kw name="Set Variable" library="BuiltIn">
<var>${save_settings_success_msg}</var>
<arg>Settings saved successfully.</arg>
<doc>Returns the given values which can then be assigned to a variables.</doc>
<status status="NOT RUN" starttime="20241010 16:06:30.703" endtime="20241010 16:06:30.703"/>
</kw>
<status status="NOT RUN" starttime="20241010 16:06:30.702" endtime="20241010 16:06:30.703"/>
</branch>
<branch type="ELSE IF" condition="&quot;${dut_language}&quot; == &quot;es&quot;">
<kw name="Set Variable" library="BuiltIn">
<var>${save_settings_button_text}</var>
<arg>Guardar</arg>
<doc>Returns the given values which can then be assigned to a variables.</doc>
<status status="NOT RUN" starttime="20241010 16:06:30.704" endtime="20241010 16:06:30.704"/>
</kw>
<kw name="Set Variable" library="BuiltIn">
<var>${save_settings_success_msg}</var>
<arg>Configuraciones guardadas exitosamente.</arg>
<doc>Returns the given values which can then be assigned to a variables.</doc>
<status status="NOT RUN" starttime="20241010 16:06:30.704" endtime="20241010 16:06:30.704"/>
</kw>
<status status="NOT RUN" starttime="20241010 16:06:30.704" endtime="20241010 16:06:30.705"/>
</branch>
<branch type="ELSE">
<kw name="Fail" library="BuiltIn">
<arg>message=It was not possible to save settings. DUT language could not be determined from local storage key 'lang'.</arg>
<doc>Fails the test with the given message and optionally alters its tags.</doc>
<status status="NOT RUN" starttime="20241010 16:06:30.707" endtime="20241010 16:06:30.707"/>
</kw>
<status status="NOT RUN" starttime="20241010 16:06:30.705" endtime="20241010 16:06:30.708"/>
</branch>
<status status="PASS" starttime="20241010 16:06:30.699" endtime="20241010 16:06:30.708"/>
</if>
<kw name="Get Element By" library="Browser">
<var>${save_settings_button}</var>
<arg>text</arg>
<arg>${save_settings_button_text}</arg>
<arg>exact=${true}</arg>
<tag>Getter</tag>
<tag>PageContent</tag>
<doc>Allows locating elements by their features.</doc>
<msg timestamp="20241010 16:06:30.747" level="INFO">Locator found successfully.</msg>
<msg timestamp="20241010 16:06:30.749" level="INFO">${save_settings_button} = internal:text="Salvar"s</msg>
<status status="PASS" starttime="20241010 16:06:30.709" endtime="20241010 16:06:30.749"/>
</kw>
<kw name="Get Element States" library="Browser">
<var>${el_states}</var>
<arg>${save_settings_button}</arg>
<tag>Assertion</tag>
<tag>Getter</tag>
<tag>PageContent</tag>
<doc>Get the active states from the element found by ``selector``.</doc>
<msg timestamp="20241010 16:06:30.821" level="INFO">States are: ['attached', 'visible', 'enabled', 'editable', 'defocused']</msg>
<msg timestamp="20241010 16:06:30.821" level="INFO">${el_states} = ['attached', 'visible', 'enabled', 'editable', 'defocused']</msg>
<status status="PASS" starttime="20241010 16:06:30.749" endtime="20241010 16:06:30.821"/>
</kw>
<if>
<branch type="IF" condition="&quot;disabled&quot; not in ${el_states}">
<kw name="Log" library="BuiltIn">
<arg>Save settings button is enabled (settings are going to be discarded).</arg>
<doc>Logs the given message with the given level.</doc>
<msg timestamp="20241010 16:06:30.823" level="INFO">Save settings button is enabled (settings are going to be discarded).</msg>
<status status="PASS" starttime="20241010 16:06:30.823" endtime="20241010 16:06:30.823"/>
</kw>
<kw name="Click" library="Browser">
<arg>${save_settings_button}</arg>
<tag>PageContent</tag>
<tag>Setter</tag>
<doc>Simulates mouse click on the element found by ``selector``.</doc>
<status status="PASS" starttime="20241010 16:06:30.823" endtime="20241010 16:06:30.900"/>
</kw>
<kw name="Wait until message &quot;${save_settings_success_msg}&quot; is displayed" library="common_resources" sourcename="Wait until message &quot;${text}&quot; is displayed">
<kw name="Get Element By" library="Browser">
<arg>selection_strategy=text</arg>
<arg>text=${text}</arg>
<arg>exact=${true}</arg>
<tag>Getter</tag>
<tag>PageContent</tag>
<doc>Allows locating elements by their features.</doc>
<msg timestamp="20241010 16:06:31.761" level="INFO">Locator found successfully.</msg>
<status status="PASS" starttime="20241010 16:06:30.901" endtime="20241010 16:06:31.761"/>
</kw>
<status status="PASS" starttime="20241010 16:06:30.900" endtime="20241010 16:06:31.761"/>
</kw>
<status status="PASS" starttime="20241010 16:06:30.822" endtime="20241010 16:06:31.762"/>
</branch>
<branch type="ELSE">
<kw name="Log" library="BuiltIn">
<arg>Save settings button is disabled (no settings to discard).</arg>
<doc>Logs the given message with the given level.</doc>
<status status="NOT RUN" starttime="20241010 16:06:31.763" endtime="20241010 16:06:31.763"/>
</kw>
<status status="NOT RUN" starttime="20241010 16:06:31.762" endtime="20241010 16:06:31.763"/>
</branch>
<status status="PASS" starttime="20241010 16:06:30.821" endtime="20241010 16:06:31.763"/>
</if>
<status status="PASS" starttime="20241010 16:06:30.652" endtime="20241010 16:06:31.764"/>
</kw>
<kw name="No Operation" library="BuiltIn" type="TEARDOWN">
<doc>Does absolutely nothing.</doc>
<status status="PASS" starttime="20241010 16:06:31.765" endtime="20241010 16:06:31.765"/>
</kw>
<tag>captive-portal</tag>
<tag>lang-pt</tag>
<tag>robot:continue-on-failure</tag>
<status status="PASS" starttime="20241010 16:06:23.768" endtime="20241010 16:06:31.765"/>
</test>
<test id="s1-s1-s1-s1-s1-s1-t3" name="Factory Default settings for network captive portal are correct (router)" line="39">
<kw name="Access network captive portal settings page" library="captive_portal">
<kw name="Run Keyword And Return Status" library="BuiltIn">
<var>${submenu_is_visible}</var>
<arg>Get element states</arg>
<arg>${SIDEMENU_NETWORK_SUBMENU}</arg>
<arg>contains</arg>
<arg>visible</arg>
<doc>Runs the given keyword with given arguments and returns the status as a Boolean value.</doc>
<kw name="Get Element States" library="Browser">
<arg>${SIDEMENU_NETWORK_SUBMENU}</arg>
<arg>contains</arg>
<arg>visible</arg>
<tag>Assertion</tag>
<tag>Getter</tag>
<tag>PageContent</tag>
<doc>Get the active states from the element found by ``selector``.</doc>
<msg timestamp="20241010 16:06:31.919" level="INFO">States are: ['attached', 'visible', 'enabled', 'editable', 'defocused']</msg>
<status status="PASS" starttime="20241010 16:06:31.821" endtime="20241010 16:06:31.919"/>
</kw>
<msg timestamp="20241010 16:06:31.920" level="INFO">${submenu_is_visible} = True</msg>
<status status="PASS" starttime="20241010 16:06:31.818" endtime="20241010 16:06:31.920"/>
</kw>
<if>
<branch type="IF" condition="not ${submenu_is_visible}">
<kw name="Click" library="Browser">
<arg>${SIDEMENU_TOGGLE}</arg>
<tag>PageContent</tag>
<tag>Setter</tag>
<doc>Simulates mouse click on the element found by ``selector``.</doc>
<status status="NOT RUN" starttime="20241010 16:06:31.921" endtime="20241010 16:06:31.921"/>
</kw>
<kw name="Wait For Elements State" library="Browser">
<arg>${SIDEMENU_NETWORK_SUBMENU}</arg>
<arg>visible</arg>
<arg>5s</arg>
<arg>Network submenu was not visible (5 seconds timeout).</arg>
<tag>PageContent</tag>
<tag>Wait</tag>
<doc>Waits for the element found by ``selector`` to satisfy state option.</doc>
<status status="NOT RUN" starttime="20241010 16:06:31.922" endtime="20241010 16:06:31.922"/>
</kw>
<status status="NOT RUN" starttime="20241010 16:06:31.920" endtime="20241010 16:06:31.922"/>
</branch>
<status status="PASS" starttime="20241010 16:06:31.920" endtime="20241010 16:06:31.923"/>
</if>
<kw name="Run Keyword And Return Status" library="BuiltIn">
<var>${ntp_option_is_visible}</var>
<arg>Get element states</arg>
<arg>${SIDEMENU_NETWORK_CAPTIVE_PORTAL}</arg>
<arg>contains</arg>
<arg>visible</arg>
<doc>Runs the given keyword with given arguments and returns the status as a Boolean value.</doc>
<kw name="Get Element States" library="Browser">
<arg>${SIDEMENU_NETWORK_CAPTIVE_PORTAL}</arg>
<arg>contains</arg>
<arg>visible</arg>
<tag>Assertion</tag>
<tag>Getter</tag>
<tag>PageContent</tag>
<doc>Get the active states from the element found by ``selector``.</doc>
<msg timestamp="20241010 16:06:31.984" level="INFO">States are: ['attached', 'visible', 'enabled', 'editable', 'defocused']</msg>
<status status="PASS" starttime="20241010 16:06:31.925" endtime="20241010 16:06:31.984"/>
</kw>
<msg timestamp="20241010 16:06:31.984" level="INFO">${ntp_option_is_visible} = True</msg>
<status status="PASS" starttime="20241010 16:06:31.923" endtime="20241010 16:06:31.984"/>
</kw>
<if>
<branch type="IF" condition="not ${ntp_option_is_visible}">
<kw name="Click" library="Browser">
<arg>${SIDEMENU_NETWORK_SUBMENU}</arg>
<tag>PageContent</tag>
<tag>Setter</tag>
<doc>Simulates mouse click on the element found by ``selector``.</doc>
<status status="NOT RUN" starttime="20241010 16:06:31.985" endtime="20241010 16:06:31.985"/>
</kw>
<kw name="Wait For Elements State" library="Browser">
<arg>${SIDEMENU_NETWORK_CAPTIVE_PORTAL}</arg>
<arg>visible</arg>
<arg>5s</arg>
<arg>Network captive portal submenu option was not visible (5 seconds timeout).</arg>
<tag>PageContent</tag>
<tag>Wait</tag>
<doc>Waits for the element found by ``selector`` to satisfy state option.</doc>
<status status="NOT RUN" starttime="20241010 16:06:31.985" endtime="20241010 16:06:31.985"/>
</kw>
<status status="NOT RUN" starttime="20241010 16:06:31.984" endtime="20241010 16:06:31.985"/>
</branch>
<status status="PASS" starttime="20241010 16:06:31.984" endtime="20241010 16:06:31.985"/>
</if>
<kw name="Click" library="Browser">
<arg>${SIDEMENU_NETWORK_CAPTIVE_PORTAL}</arg>
<tag>PageContent</tag>
<tag>Setter</tag>
<doc>Simulates mouse click on the element found by ``selector``.</doc>
<status status="PASS" starttime="20241010 16:06:31.986" endtime="20241010 16:06:32.093"/>
</kw>
<kw name="Sleep" library="BuiltIn">
<arg>6</arg>
<doc>Pauses the test executed for the given time.</doc>
<msg timestamp="20241010 16:06:38.095" level="INFO">Slept 6 seconds</msg>
<status status="PASS" starttime="20241010 16:06:32.094" endtime="20241010 16:06:38.096"/>
</kw>
<status status="PASS" starttime="20241010 16:06:31.815" endtime="20241010 16:06:38.097"/>
</kw>
<kw name="Page inner title network captive portal should be &quot;Captive portal&quot;" library="captive_portal" sourcename="Page inner title network captive portal should be &quot;${text}&quot;">
<kw name="Get Text" library="Browser">
<arg>${NETWORK_CAPTIVE_PORTAL_PAGE_INNER_TITLE}</arg>
<arg>==</arg>
<arg>${text}</arg>
<tag>Assertion</tag>
<tag>Getter</tag>
<tag>PageContent</tag>
<doc>Returns text attribute of the element found by ``selector``.</doc>
<msg timestamp="20241010 16:06:38.137" level="INFO">Text: 'Captive portal'</msg>
<status status="PASS" starttime="20241010 16:06:38.098" endtime="20241010 16:06:38.137"/>
</kw>
<status status="PASS" starttime="20241010 16:06:38.098" endtime="20241010 16:06:38.137"/>
</kw>
<kw name="Page inner subtitle network captive portal should be &quot;Configuração de autenticação externa de usuários na rede&quot;" library="captive_portal" sourcename="Page inner subtitle network captive portal should be &quot;${text}&quot;">
<kw name="Get Text" library="Browser">
<var>${str}</var>
<arg>${NETWORK_CAPTIVE_PORTAL_PAGE_INNER_SUBTITLE}</arg>
<tag>Assertion</tag>
<tag>Getter</tag>
<tag>PageContent</tag>
<doc>Returns text attribute of the element found by ``selector``.</doc>
<msg timestamp="20241010 16:06:38.196" level="INFO">Text: 'Configuração de autenticação externa de usuários na rede\n'</msg>
<msg timestamp="20241010 16:06:38.196" level="INFO">${str} = Configuração de autenticação externa de usuários na rede
</msg>
<status status="PASS" starttime="20241010 16:06:38.140" endtime="20241010 16:06:38.196"/>
</kw>
<kw name="Strip String" library="String">
<var>${str_stripped}</var>
<arg>${str}</arg>
<doc>Remove leading and/or trailing whitespaces from the given string.</doc>
<msg timestamp="20241010 16:06:38.197" level="INFO">${str_stripped} = Configuração de autenticação externa de usuários na rede</msg>
<status status="PASS" starttime="20241010 16:06:38.197" endtime="20241010 16:06:38.197"/>
</kw>
<kw name="Should Be Equal As Strings" library="BuiltIn">
<arg>${str_stripped}</arg>
<arg>${text}</arg>
<doc>Fails if objects are unequal after converting them to strings.</doc>
<status status="PASS" starttime="20241010 16:06:38.198" endtime="20241010 16:06:38.198"/>
</kw>
<status status="PASS" starttime="20241010 16:06:38.139" endtime="20241010 16:06:38.198"/>
</kw>
<kw name="SSID list title should be &quot;Lista de SSID&quot;" library="captive_portal" sourcename="SSID list title should be &quot;${text}&quot;">
<kw name="Get Text" library="Browser">
<arg>${NETWORK_CAPTIVE_PORTAL_PAGE_SSID_LIST_TITLE}</arg>
<arg>==</arg>
<arg>${text}</arg>
<tag>Assertion</tag>
<tag>Getter</tag>
<tag>PageContent</tag>
<doc>Returns text attribute of the element found by ``selector``.</doc>
<msg timestamp="20241010 16:06:38.234" level="INFO">Text: 'Lista de SSID'</msg>
<status status="PASS" starttime="20241010 16:06:38.200" endtime="20241010 16:06:38.235"/>
</kw>
<status status="PASS" starttime="20241010 16:06:38.199" endtime="20241010 16:06:38.235"/>
</kw>
<kw name="Set Variable" library="BuiltIn">
<var>${enabled_header_default}</var>
<arg>Habilitado</arg>
<doc>Returns the given values which can then be assigned to a variables.</doc>
<msg timestamp="20241010 16:06:38.236" level="INFO">${enabled_header_default} = Habilitado</msg>
<status status="PASS" starttime="20241010 16:06:38.236" endtime="20241010 16:06:38.236"/>
</kw>
<kw name="Set Variable" library="BuiltIn">
<var>${ssid_header_default}</var>
<arg>SSID</arg>
<doc>Returns the given values which can then be assigned to a variables.</doc>
<msg timestamp="20241010 16:06:38.237" level="INFO">${ssid_header_default} = SSID</msg>
<status status="PASS" starttime="20241010 16:06:38.237" endtime="20241010 16:06:38.237"/>
</kw>
<kw name="Set Variable" library="BuiltIn">
<var>${frequency_header_default}</var>
<arg>Frequência</arg>
<doc>Returns the given values which can then be assigned to a variables.</doc>
<msg timestamp="20241010 16:06:38.238" level="INFO">${frequency_header_default} = Frequência</msg>
<status status="PASS" starttime="20241010 16:06:38.238" endtime="20241010 16:06:38.238"/>
</kw>
<kw name="Set Variable" library="BuiltIn">
<var>${authentication_type_header_default}</var>
<arg>Tipo de autenticação</arg>
<doc>Returns the given values which can then be assigned to a variables.</doc>
<msg timestamp="20241010 16:06:38.246" level="INFO">${authentication_type_header_default} = Tipo de autenticação</msg>
<status status="PASS" starttime="20241010 16:06:38.239" endtime="20241010 16:06:38.247"/>
</kw>
<kw name="SSID list table headers should be" library="captive_portal">
<arg>${enabled_header_default}</arg>
<arg>${ssid_header_default}</arg>
<arg>${frequency_header_default}</arg>
<arg>${authentication_type_header_default}</arg>
<kw name="Get Text" library="Browser">
<var>${enabled}</var>
<arg>${NETWORK_CAPTIVE_PORTAL_PAGE_HEADER_ENABLED}</arg>
<tag>Assertion</tag>
<tag>Getter</tag>
<tag>PageContent</tag>
<doc>Returns text attribute of the element found by ``selector``.</doc>
<msg timestamp="20241010 16:06:38.304" level="INFO">Text: 'Habilitado'</msg>
<msg timestamp="20241010 16:06:38.304" level="INFO">${enabled} = Habilitado</msg>
<status status="PASS" starttime="20241010 16:06:38.248" endtime="20241010 16:06:38.305"/>
</kw>
<kw name="Get Text" library="Browser">
<var>${ssid}</var>
<arg>${NETWORK_CAPTIVE_PORTAL_PAGE_HEADER_SSID}</arg>
<tag>Assertion</tag>
<tag>Getter</tag>
<tag>PageContent</tag>
<doc>Returns text attribute of the element found by ``selector``.</doc>
<msg timestamp="20241010 16:06:38.360" level="INFO">Text: 'SSID'</msg>
<msg timestamp="20241010 16:06:38.360" level="INFO">${ssid} = SSID</msg>
<status status="PASS" starttime="20241010 16:06:38.308" endtime="20241010 16:06:38.360"/>
</kw>
<kw name="Get Text" library="Browser">
<var>${frequency}</var>
<arg>${NETWORK_CAPTIVE_PORTAL_PAGE_HEADER_FREQUENCY}</arg>
<tag>Assertion</tag>
<tag>Getter</tag>
<tag>PageContent</tag>
<doc>Returns text attribute of the element found by ``selector``.</doc>
<msg timestamp="20241010 16:06:38.393" level="INFO">Text: 'Frequência'</msg>
<msg timestamp="20241010 16:06:38.394" level="INFO">${frequency} = Frequência</msg>
<status status="PASS" starttime="20241010 16:06:38.361" endtime="20241010 16:06:38.394"/>
</kw>
<kw name="Get Text" library="Browser">
<var>${authentication_type}</var>
<arg>${NETWORK_CAPTIVE_PORTAL_PAGE_HEADER_AUTHENTICATION_TYPE}</arg>
<tag>Assertion</tag>
<tag>Getter</tag>
<tag>PageContent</tag>
<doc>Returns text attribute of the element found by ``selector``.</doc>
<msg timestamp="20241010 16:06:38.434" level="INFO">Text: 'Tipo de autenticação'</msg>
<msg timestamp="20241010 16:06:38.434" level="INFO">${authentication_type} = Tipo de autenticação</msg>
<status status="PASS" starttime="20241010 16:06:38.394" endtime="20241010 16:06:38.434"/>
</kw>
<kw name="Create List" library="BuiltIn">
<var>@{text_parts}</var>
<arg>${enabled_header_default}</arg>
<arg>${ssid_header_default}</arg>
<arg>${frequency_header_default}</arg>
<arg>${authentication_type_header_default}</arg>
<doc>Returns a list containing given items.</doc>
<msg timestamp="20241010 16:06:38.434" level="INFO">@{text_parts} = [ Habilitado | SSID | Frequência | Tipo de autenticação ]</msg>
<status status="PASS" starttime="20241010 16:06:38.434" endtime="20241010 16:06:38.435"/>
</kw>
<kw name="Should Be Equal As Strings" library="BuiltIn">
<arg>${enabled}</arg>
<arg>${text_parts}[0]</arg>
<doc>Fails if objects are unequal after converting them to strings.</doc>
<status status="PASS" starttime="20241010 16:06:38.435" endtime="20241010 16:06:38.435"/>
</kw>
<kw name="Should Be Equal As Strings" library="BuiltIn">
<arg>${ssid}</arg>
<arg>${text_parts}[1]</arg>
<doc>Fails if objects are unequal after converting them to strings.</doc>
<status status="PASS" starttime="20241010 16:06:38.436" endtime="20241010 16:06:38.436"/>
</kw>
<kw name="Should Be Equal As Strings" library="BuiltIn">
<arg>${frequency}</arg>
<arg>${text_parts}[2]</arg>
<doc>Fails if objects are unequal after converting them to strings.</doc>
<status status="PASS" starttime="20241010 16:06:38.437" endtime="20241010 16:06:38.437"/>
</kw>
<kw name="Should Be Equal As Strings" library="BuiltIn">
<arg>${authentication_type}</arg>
<arg>${text_parts}[3]</arg>
<doc>Fails if objects are unequal after converting them to strings.</doc>
<status status="PASS" starttime="20241010 16:06:38.437" endtime="20241010 16:06:38.438"/>
</kw>
<status status="PASS" starttime="20241010 16:06:38.247" endtime="20241010 16:06:38.438"/>
</kw>
<kw name="SSID list table should contain entry" library="captive_portal">
<arg>enabled=${false}</arg>
<arg>ssid=AP1800AX_4b65</arg>
<arg>frequency=Dual band</arg>
<arg>authentication_type=WPA2-PSK</arg>
<kw name="Get SSID row in captive portal SSID list table" library="captive_portal">
<var>${row}</var>
<arg>ssid=${ssid}</arg>
<kw name="Get Elements" library="Browser">
<var>@{table_rows}</var>
<arg>data-testid=table-ssid0</arg>
<tag>Getter</tag>
<tag>PageContent</tag>
<doc>Returns a reference to Playwright [https://playwright.dev/docs/api/class-locator|Locator]
for all matched elements by ``selector``.</doc>
<msg timestamp="20241010 16:06:38.467" level="INFO">Found Locator@data-testid=table-ssid0 &gt;&gt; nth=0 Locators successfully.</msg>
<msg timestamp="20241010 16:06:38.467" level="INFO">@{table_rows} = [ data-testid=table-ssid0 &gt;&gt; nth=0 ]</msg>
<status status="PASS" starttime="20241010 16:06:38.442" endtime="20241010 16:06:38.467"/>
</kw>
<kw name="Get Length" library="BuiltIn">
<var>${rows}</var>
<arg>${table_rows}</arg>
<doc>Returns and logs the length of the given item as an integer.</doc>
<msg timestamp="20241010 16:06:38.469" level="INFO">Length is 1</msg>
<msg timestamp="20241010 16:06:38.469" level="INFO">${rows} = 1</msg>
<status status="PASS" starttime="20241010 16:06:38.468" endtime="20241010 16:06:38.469"/>
</kw>
<for flavor="IN RANGE">
<var>${row}</var>
<value>1</value>
<value>${rows}+1</value>
<iter>
<var name="${row}">1</var>
<kw name="Get Text" library="Browser">
<var>${row_ssid}</var>
<arg>data-testid=table-ssid0</arg>
<tag>Assertion</tag>
<tag>Getter</tag>
<tag>PageContent</tag>
<doc>Returns text attribute of the element found by ``selector``.</doc>
<msg timestamp="20241010 16:06:38.563" level="INFO">Text: 'AP1800AX_4b65'</msg>
<msg timestamp="20241010 16:06:38.563" level="INFO">${row_ssid} = AP1800AX_4b65</msg>
<status status="PASS" starttime="20241010 16:06:38.471" endtime="20241010 16:06:38.563"/>
</kw>
<if>
<branch type="IF" condition="&quot;${row_ssid}&quot; == &quot;${ssid}&quot;">
<return>
<value>${row}</value>
<status status="PASS" starttime="20241010 16:06:38.565" endtime="20241010 16:06:38.565"/>
</return>
<status status="PASS" starttime="20241010 16:06:38.564" endtime="20241010 16:06:38.565"/>
</branch>
<status status="PASS" starttime="20241010 16:06:38.564" endtime="20241010 16:06:38.566"/>
</if>
<status status="PASS" starttime="20241010 16:06:38.470" endtime="20241010 16:06:38.566"/>
</iter>
<status status="PASS" starttime="20241010 16:06:38.469" endtime="20241010 16:06:38.567"/>
</for>
<kw name="Fail" library="BuiltIn">
<arg>SSID "${ssid}" not found in captive portal SSID list table.</arg>
<doc>Fails the test with the given message and optionally alters its tags.</doc>
<status status="NOT RUN" starttime="20241010 16:06:38.567" endtime="20241010 16:06:38.567"/>
</kw>
<msg timestamp="20241010 16:06:38.568" level="INFO">${row} = 1</msg>
<status status="PASS" starttime="20241010 16:06:38.441" endtime="20241010 16:06:38.568"/>
</kw>
<if>
<branch type="IF" condition="${enabled} == ${true}">
<kw name="Get Checkbox State" library="Browser">
<arg>data-testid=table-ssid0</arg>
<arg>==</arg>
<arg>checked</arg>
<arg>SSID list captive portal should be checked.</arg>
<tag>Assertion</tag>
<tag>Getter</tag>
<tag>PageContent</tag>
<doc>Returns the state of the checkbox found by ``selector``.</doc>
<status status="NOT RUN" starttime="20241010 16:06:38.570" endtime="20241010 16:06:38.571"/>
</kw>
<status status="NOT RUN" starttime="20241010 16:06:38.568" endtime="20241010 16:06:38.571"/>
</branch>
<branch type="ELSE">
<kw name="Get Checkbox State" library="Browser">
<arg>data-testid=table-ssid0</arg>
<arg>==</arg>
<arg>unchecked</arg>
<arg>SSID list captive portal should be checked.</arg>
<tag>Assertion</tag>
<tag>Getter</tag>
<tag>PageContent</tag>
<doc>Returns the state of the checkbox found by ``selector``.</doc>
<msg timestamp="20241010 16:06:38.675" level="INFO">Retrieved dom property for element data-testid=table-ssid0 containing undefined</msg>
<msg timestamp="20241010 16:06:38.676" level="INFO">Checkbox is unchecked</msg>
<status status="PASS" starttime="20241010 16:06:38.572" endtime="20241010 16:06:38.676"/>
</kw>
<status status="PASS" starttime="20241010 16:06:38.571" endtime="20241010 16:06:38.676"/>
</branch>
<status status="PASS" starttime="20241010 16:06:38.568" endtime="20241010 16:06:38.677"/>
</if>
<kw name="Get Text" library="Browser">
<arg>data-testid=table-frequency0</arg>
<arg>==</arg>
<arg>${frequency}</arg>
<tag>Assertion</tag>
<tag>Getter</tag>
<tag>PageContent</tag>
<doc>Returns text attribute of the element found by ``selector``.</doc>
<msg timestamp="20241010 16:06:38.751" level="INFO">Text: 'Dual band'</msg>
<status status="PASS" starttime="20241010 16:06:38.678" endtime="20241010 16:06:38.751"/>
</kw>
<kw name="Get Text" library="Browser">
<arg>data-testid=table-authentication-type0</arg>
<arg>==</arg>
<arg>${authentication_type}</arg>
<tag>Assertion</tag>
<tag>Getter</tag>
<tag>PageContent</tag>
<doc>Returns text attribute of the element found by ``selector``.</doc>
<msg timestamp="20241010 16:06:38.791" level="INFO">Text: 'WPA2-PSK'</msg>
<status status="PASS" starttime="20241010 16:06:38.751" endtime="20241010 16:06:38.791"/>
</kw>
<status status="PASS" starttime="20241010 16:06:38.439" endtime="20241010 16:06:38.792"/>
</kw>
<kw name="External Configuration title should be &quot;Configuração Externa&quot;" library="captive_portal" sourcename="External Configuration title should be &quot;${text}&quot;">
<kw name="Get Text" library="Browser">
<arg>${NETWORK_CAPTIVE_PORTAL_PAGE_EXTERNAL_CONFIGURATION_TITLE}</arg>
<arg>==</arg>
<arg>${text}</arg>
<tag>Assertion</tag>
<tag>Getter</tag>
<tag>PageContent</tag>
<doc>Returns text attribute of the element found by ``selector``.</doc>
<msg timestamp="20241010 16:06:38.867" level="INFO">Text: 'Configuração Externa'</msg>
<status status="PASS" starttime="20241010 16:06:38.793" endtime="20241010 16:06:38.867"/>
</kw>
<status status="PASS" starttime="20241010 16:06:38.792" endtime="20241010 16:06:38.868"/>
</kw>
<kw name="Authenticator input title should be &quot;Endereço de captive portal externo (Autenticador)&quot;" library="captive_portal" sourcename="Authenticator input title should be &quot;${text}&quot;">
<kw name="Get Text" library="Browser">
<arg>${NETWORK_CAPTIVE_PORTAL_PAGE_AUTHENTICATOR_INPUT_TITLE}</arg>
<arg>==</arg>
<arg>${text}</arg>
<tag>Assertion</tag>
<tag>Getter</tag>
<tag>PageContent</tag>
<doc>Returns text attribute of the element found by ``selector``.</doc>
<msg timestamp="20241010 16:06:38.946" level="INFO">Text: 'Endereço de captive portal externo (Autenticador)'</msg>
<status status="PASS" starttime="20241010 16:06:38.869" endtime="20241010 16:06:38.946"/>
</kw>
<status status="PASS" starttime="20241010 16:06:38.868" endtime="20241010 16:06:38.946"/>
</kw>
<kw name="Authenticator input should be &quot;&quot;" library="captive_portal" sourcename="Authenticator input should be &quot;${text}&quot;">
<kw name="Get Text" library="Browser">
<arg>${NETWORK_CAPTIVE_PORTAL_PAGE_AUTHENTICATOR_INPUT}</arg>
<arg>==</arg>
<arg>${text}</arg>
<tag>Assertion</tag>
<tag>Getter</tag>
<tag>PageContent</tag>
<doc>Returns text attribute of the element found by ``selector``.</doc>
<msg timestamp="20241010 16:06:38.999" level="INFO">Text: ''</msg>
<status status="PASS" starttime="20241010 16:06:38.948" endtime="20241010 16:06:38.999"/>
</kw>
<status status="PASS" starttime="20241010 16:06:38.947" endtime="20241010 16:06:38.999"/>
</kw>
<kw name="Authenticator input placeholder should be &quot;https://&quot;" library="captive_portal" sourcename="Authenticator input placeholder should be &quot;${text}&quot;">
<kw name="Get Attribute" library="Browser">
<arg>${NETWORK_CAPTIVE_PORTAL_PAGE_AUTHENTICATOR_INPUT}</arg>
<arg>placeholder</arg>
<arg>==</arg>
<arg>${text}</arg>
<tag>Assertion</tag>
<tag>Getter</tag>
<tag>PageContent</tag>
<doc>Returns the HTML ``attribute`` of the element found by ``selector``.</doc>
<msg timestamp="20241010 16:06:39.049" level="INFO">Attribute is: 'https://'</msg>
<status status="PASS" starttime="20241010 16:06:39.001" endtime="20241010 16:06:39.049"/>
</kw>
<status status="PASS" starttime="20241010 16:06:39.000" endtime="20241010 16:06:39.049"/>
</kw>
<kw name="Session time input title should be &quot;Tempo de Sessão&quot;" library="captive_portal" sourcename="Session time input title should be &quot;${text}&quot;">
<kw name="Get Text" library="Browser">
<arg>${NETWORK_CAPTIVE_PORTAL_PAGE_SESSION_TIME_TITLE}</arg>
<arg>==</arg>
<arg>${text}</arg>
<tag>Assertion</tag>
<tag>Getter</tag>
<tag>PageContent</tag>
<doc>Returns text attribute of the element found by ``selector``.</doc>
<msg timestamp="20241010 16:06:39.093" level="INFO">Text: 'Tempo de Sessão'</msg>
<status status="PASS" starttime="20241010 16:06:39.051" endtime="20241010 16:06:39.094"/>
</kw>
<status status="PASS" starttime="20241010 16:06:39.050" endtime="20241010 16:06:39.095"/>
</kw>
<kw name="Session time input should be &quot;30&quot;" library="captive_portal" sourcename="Session time input should be &quot;${text}&quot;">
<kw name="Get Text" library="Browser">
<arg>${NETWORK_CAPTIVE_PORTAL_PAGE_SESSION_TIME_INPUT}</arg>
<arg>==</arg>
<arg>${text}</arg>
<tag>Assertion</tag>
<tag>Getter</tag>
<tag>PageContent</tag>
<doc>Returns text attribute of the element found by ``selector``.</doc>
<msg timestamp="20241010 16:06:39.151" level="INFO">Text: '30'</msg>
<status status="PASS" starttime="20241010 16:06:39.100" endtime="20241010 16:06:39.151"/>
</kw>
<status status="PASS" starttime="20241010 16:06:39.096" endtime="20241010 16:06:39.151"/>
</kw>
<kw name="Open Session time info" library="captive_portal">
<kw name="Click" library="Browser">
<arg>${NETWORK_CAPTIVE_PORTAL_PAGE_SESSION_TIME_INFO}</arg>
<tag>PageContent</tag>
<tag>Setter</tag>
<doc>Simulates mouse click on the element found by ``selector``.</doc>
<status status="PASS" starttime="20241010 16:06:39.152" endtime="20241010 16:06:39.268"/>
</kw>
<status status="PASS" starttime="20241010 16:06:39.152" endtime="20241010 16:06:39.268"/>
</kw>
<kw name="Session time text info should be &quot;Ao expirar o tempo configurado, a sessão será encerrada e o usuário precisará se re-autenticar. O tempo de sessão informado acima só será aplicado quando um intervalo válido não for definido pelo servidor.&quot;" library="captive_portal" sourcename="Session time text info should be &quot;${text}&quot;">
<kw name="Get Text" library="Browser">
<arg>${NETWORK_CAPTIVE_PORTAL_PAGE_SESSION_TIME_INFO_TEXT}</arg>
<arg>==</arg>
<arg>${text}</arg>
<tag>Assertion</tag>
<tag>Getter</tag>
<tag>PageContent</tag>
<doc>Returns text attribute of the element found by ``selector``.</doc>
<msg timestamp="20241010 16:06:39.312" level="INFO">Text: 'Ao expirar o tempo configurado, a sessão será encerrada e o usuário precisará se re-autenticar. O tempo de sessão informado acima só será aplicado quando um intervalo válido não for definido pelo servidor.'</msg>
<status status="PASS" starttime="20241010 16:06:39.271" endtime="20241010 16:06:39.312"/>
</kw>
<status status="PASS" starttime="20241010 16:06:39.270" endtime="20241010 16:06:39.312"/>
</kw>
<kw name="Button session time info text should be &quot;OK&quot;" library="captive_portal" sourcename="Button session time info text should be &quot;${text}&quot;">
<kw name="Get Text" library="Browser">
<arg>${NETWORK_CAPTIVE_PORTAL_PAGE_SESSION_INFO_OK_BUTTON}</arg>
<arg>==</arg>
<arg>${text}</arg>
<tag>Assertion</tag>
<tag>Getter</tag>
<tag>PageContent</tag>
<doc>Returns text attribute of the element found by ``selector``.</doc>
<msg timestamp="20241010 16:06:39.360" level="INFO">Text: 'OK'</msg>
<status status="PASS" starttime="20241010 16:06:39.313" endtime="20241010 16:06:39.360"/>
</kw>
<status status="PASS" starttime="20241010 16:06:39.312" endtime="20241010 16:06:39.360"/>
</kw>
<kw name="Close Session time info" library="captive_portal">
<kw name="Click" library="Browser">
<arg>${NETWORK_CAPTIVE_PORTAL_PAGE_SESSION_INFO_OK_BUTTON}</arg>
<tag>PageContent</tag>
<tag>Setter</tag>
<doc>Simulates mouse click on the element found by ``selector``.</doc>
<status status="PASS" starttime="20241010 16:06:39.361" endtime="20241010 16:06:39.483"/>
</kw>
<status status="PASS" starttime="20241010 16:06:39.361" endtime="20241010 16:06:39.484"/>
</kw>
<kw name="Session time select should be enabled" library="captive_portal">
<kw name="Get Element States" library="Browser">
<arg>${NETWORK_CAPTIVE_PORTAL_PAGE_SESSION_TIME_SELECT}</arg>
<arg>contains</arg>
<arg>enabled</arg>
<arg>message=Session time select should be enabled (editable).</arg>
<tag>Assertion</tag>
<tag>Getter</tag>
<tag>PageContent</tag>
<doc>Get the active states from the element found by ``selector``.</doc>
<msg timestamp="20241010 16:06:39.563" level="INFO">States are: ['attached', 'visible', 'enabled', 'editable', 'defocused']</msg>
<status status="PASS" starttime="20241010 16:06:39.488" endtime="20241010 16:06:39.564"/>
</kw>
<status status="PASS" starttime="20241010 16:06:39.487" endtime="20241010 16:06:39.564"/>
</kw>
<kw name="Open Session time selection dropdown menu" library="captive_portal">
<kw name="Get Element States" library="Browser">
<var>${elem_states}</var>
<arg>${NETWORK_CAPTIVE_PORTAL_PAGE_SESSION_TIME_SELECT_OPTIONS_DROPDOWN}</arg>
<tag>Assertion</tag>
<tag>Getter</tag>
<tag>PageContent</tag>
<doc>Get the active states from the element found by ``selector``.</doc>
<msg timestamp="20241010 16:06:39.620" level="INFO">States are: ['attached', 'hidden', 'enabled', 'editable', 'defocused']</msg>
<msg timestamp="20241010 16:06:39.621" level="INFO">${elem_states} = ['attached', 'hidden', 'enabled', 'editable', 'defocused']</msg>
<status status="PASS" starttime="20241010 16:06:39.565" endtime="20241010 16:06:39.621"/>
</kw>
<if>
<branch type="IF" condition="&quot;hidden&quot; in ${elem_states}">
<kw name="Click" library="Browser">
<arg>${NETWORK_CAPTIVE_PORTAL_PAGE_SESSION_TIME_SELECT}</arg>
<tag>PageContent</tag>
<tag>Setter</tag>
<doc>Simulates mouse click on the element found by ``selector``.</doc>
<status status="PASS" starttime="20241010 16:06:39.622" endtime="20241010 16:06:39.710"/>
</kw>
<status status="PASS" starttime="20241010 16:06:39.621" endtime="20241010 16:06:39.710"/>
</branch>
<status status="PASS" starttime="20241010 16:06:39.621" endtime="20241010 16:06:39.711"/>
</if>
<status status="PASS" starttime="20241010 16:06:39.564" endtime="20241010 16:06:39.711"/>
</kw>
<kw name="Select Session time &quot;minutos&quot;" library="captive_portal" sourcename="Select Session time &quot;${text}&quot;">
<kw name="Open Session time selection dropdown menu" library="captive_portal">
<kw name="Get Element States" library="Browser">
<var>${elem_states}</var>
<arg>${NETWORK_CAPTIVE_PORTAL_PAGE_SESSION_TIME_SELECT_OPTIONS_DROPDOWN}</arg>
<tag>Assertion</tag>
<tag>Getter</tag>
<tag>PageContent</tag>
<doc>Get the active states from the element found by ``selector``.</doc>
<msg timestamp="20241010 16:06:39.774" level="INFO">States are: ['attached', 'visible', 'enabled', 'editable', 'defocused']</msg>
<msg timestamp="20241010 16:06:39.774" level="INFO">${elem_states} = ['attached', 'visible', 'enabled', 'editable', 'defocused']</msg>
<status status="PASS" starttime="20241010 16:06:39.713" endtime="20241010 16:06:39.774"/>
</kw>
<if>
<branch type="IF" condition="&quot;hidden&quot; in ${elem_states}">
<kw name="Click" library="Browser">
<arg>${NETWORK_CAPTIVE_PORTAL_PAGE_SESSION_TIME_SELECT}</arg>
<tag>PageContent</tag>
<tag>Setter</tag>
<doc>Simulates mouse click on the element found by ``selector``.</doc>
<status status="NOT RUN" starttime="20241010 16:06:39.777" endtime="20241010 16:06:39.777"/>
</kw>
<status status="NOT RUN" starttime="20241010 16:06:39.776" endtime="20241010 16:06:39.778"/>
</branch>
<status status="PASS" starttime="20241010 16:06:39.775" endtime="20241010 16:06:39.778"/>
</if>
<status status="PASS" starttime="20241010 16:06:39.713" endtime="20241010 16:06:39.778"/>
</kw>
<kw name="Get Elements" library="Browser">
<var>${method_list}</var>
<arg>${NETWORK_CAPTIVE_PORTAL_PAGE_SESSION_TIME_SELECT_OPTIONS_DROPDOWN}/li</arg>
<tag>Getter</tag>
<tag>PageContent</tag>
<doc>Returns a reference to Playwright [https://playwright.dev/docs/api/class-locator|Locator]
for all matched elements by ``selector``.</doc>
<msg timestamp="20241010 16:06:39.801" level="INFO">Found Locator@xpath=//*[@id="root"]/div[3]/div/div[5]/div[2]/div/div/ul/li &gt;&gt; nth=0,Locator@xpath=//*[@id="root"]/div[3]/div/div[5]/div[2]/div/div/ul/li &gt;&gt; nth=1,Locator@xpath=//*[@id="root"]/div[3]/div/div[5]/div[2]/div/div/ul/li &gt;&gt; nth=2 Locators successfully.</msg>
<msg timestamp="20241010 16:06:39.801" level="INFO">${method_list} = ['xpath=//*[@id="root"]/div[3]/div/div[5]/div[2]/div/div/ul/li &gt;&gt; nth=0', 'xpath=//*[@id="root"]/div[3]/div/div[5]/div[2]/div/div/ul/li &gt;&gt; nth=1', 'xpath=//*[@id="root"]/div[3]/div/div[5]/div[2]/div/d...</msg>
<status status="PASS" starttime="20241010 16:06:39.780" endtime="20241010 16:06:39.801"/>
</kw>
<for flavor="IN">
<var>${method_elem}</var>
<value>@{method_list}</value>
<iter>
<var name="${method_elem}">xpath=//*[@id="root"]/div[3]/div/div[5]/div[2]/div/div/ul/li &gt;&gt; nth=0</var>
<kw name="Get Text" library="Browser">
<var>${method_text}</var>
<arg>${method_elem}</arg>
<tag>Assertion</tag>
<tag>Getter</tag>
<tag>PageContent</tag>
<doc>Returns text attribute of the element found by ``selector``.</doc>
<msg timestamp="20241010 16:06:39.838" level="INFO">Text: 'minutos'</msg>
<msg timestamp="20241010 16:06:39.838" level="INFO">${method_text} = minutos</msg>
<status status="PASS" starttime="20241010 16:06:39.802" endtime="20241010 16:06:39.838"/>
</kw>
<if>
<branch type="IF" condition="&quot;${method_text}&quot; == &quot;${text}&quot;">
<kw name="Click" library="Browser">
<arg>${method_elem}</arg>
<tag>PageContent</tag>
<tag>Setter</tag>
<doc>Simulates mouse click on the element found by ``selector``.</doc>
<status status="PASS" starttime="20241010 16:06:39.840" endtime="20241010 16:06:39.901"/>
</kw>
<kw name="Get Element States" library="Browser">
<arg>${NETWORK_CAPTIVE_PORTAL_PAGE_SESSION_TIME_SELECT_OPTIONS_DROPDOWN}</arg>
<arg>not contains</arg>
<arg>visible</arg>
<arg>message=There should be ${text} session time available, but there were.</arg>
<tag>Assertion</tag>
<tag>Getter</tag>
<tag>PageContent</tag>
<doc>Get the active states from the element found by ``selector``.</doc>
<msg timestamp="20241010 16:06:39.954" level="INFO">States are: ['attached', 'hidden', 'enabled', 'editable', 'defocused']</msg>
<status status="PASS" starttime="20241010 16:06:39.901" endtime="20241010 16:06:39.955"/>
</kw>
<return>
<status status="PASS" starttime="20241010 16:06:39.955" endtime="20241010 16:06:39.955"/>
</return>
<status status="PASS" starttime="20241010 16:06:39.839" endtime="20241010 16:06:39.956"/>
</branch>
<status status="PASS" starttime="20241010 16:06:39.839" endtime="20241010 16:06:39.956"/>
</if>
<status status="PASS" starttime="20241010 16:06:39.802" endtime="20241010 16:06:39.956"/>
</iter>
<status status="PASS" starttime="20241010 16:06:39.801" endtime="20241010 16:06:39.956"/>
</for>
<kw name="Fail" library="BuiltIn">
<arg>Session time method ${text} is not available.</arg>
<doc>Fails the test with the given message and optionally alters its tags.</doc>
<status status="NOT RUN" starttime="20241010 16:06:39.957" endtime="20241010 16:06:39.957"/>
</kw>
<status status="PASS" starttime="20241010 16:06:39.712" endtime="20241010 16:06:39.958"/>
</kw>
<kw name="Downtime input title should be &quot;Tempo de inatividade&quot;" library="captive_portal" sourcename="Downtime input title should be &quot;${text}&quot;">
<kw name="Get Text" library="Browser">
<arg>${NETWORK_CAPTIVE_PORTAL_PAGE_DOWNTIME_TITLE}</arg>
<arg>==</arg>
<arg>${text}</arg>
<tag>Assertion</tag>
<tag>Getter</tag>
<tag>PageContent</tag>
<doc>Returns text attribute of the element found by ``selector``.</doc>
<msg timestamp="20241010 16:06:40.033" level="INFO">Text: 'Tempo de inatividade'</msg>
<status status="PASS" starttime="20241010 16:06:39.961" endtime="20241010 16:06:40.034"/>
</kw>
<status status="PASS" starttime="20241010 16:06:39.959" endtime="20241010 16:06:40.035"/>
</kw>
<kw name="Downtime input should be &quot;5&quot;" library="captive_portal" sourcename="Downtime input should be &quot;${text}&quot;">
<kw name="Get Text" library="Browser">
<arg>${NETWORK_CAPTIVE_PORTAL_PAGE_DOWNTIME_INPUT}</arg>
<arg>==</arg>
<arg>${text}</arg>
<tag>Assertion</tag>
<tag>Getter</tag>
<tag>PageContent</tag>
<doc>Returns text attribute of the element found by ``selector``.</doc>
<msg timestamp="20241010 16:06:40.113" level="INFO">Text: '5'</msg>
<status status="PASS" starttime="20241010 16:06:40.037" endtime="20241010 16:06:40.113"/>
</kw>
<status status="PASS" starttime="20241010 16:06:40.036" endtime="20241010 16:06:40.113"/>
</kw>
<kw name="Open Downtime info" library="captive_portal">
<kw name="Click" library="Browser">
<arg>${NETWORK_CAPTIVE_PORTAL_PAGE_DOWNTIME_INFO}</arg>
<tag>PageContent</tag>
<tag>Setter</tag>
<doc>Simulates mouse click on the element found by ``selector``.</doc>
<status status="PASS" starttime="20241010 16:06:40.117" endtime="20241010 16:06:40.234"/>
</kw>
<status status="PASS" starttime="20241010 16:06:40.116" endtime="20241010 16:06:40.234"/>
</kw>
<kw name="Downtime text info should be &quot;Limite de inatividade: ao ser detectada a inatividade do usuário no limite configurado, o mesmo terá sua sessão encerrada.&quot;" library="captive_portal" sourcename="Downtime text info should be &quot;${text}&quot;">
<kw name="Get Text" library="Browser">
<arg>${NETWORK_CAPTIVE_PORTAL_PAGE_DOWNTIME_INFO_TEXT}</arg>
<arg>==</arg>
<arg>${text}</arg>
<tag>Assertion</tag>
<tag>Getter</tag>
<tag>PageContent</tag>
<doc>Returns text attribute of the element found by ``selector``.</doc>
<msg timestamp="20241010 16:06:40.294" level="INFO">Text: 'Limite de inatividade: ao ser detectada a inatividade do usuário no limite configurado, o mesmo terá sua sessão encerrada.'</msg>
<status status="PASS" starttime="20241010 16:06:40.236" endtime="20241010 16:06:40.295"/>
</kw>
<status status="PASS" starttime="20241010 16:06:40.235" endtime="20241010 16:06:40.295"/>
</kw>
<kw name="Button downtime info text should be &quot;OK&quot;" library="captive_portal" sourcename="Button downtime info text should be &quot;${text}&quot;">
<kw name="Get Text" library="Browser">
<arg>${NETWORK_CAPTIVE_PORTAL_PAGE_DOWNTIME_OK_BUTTON}</arg>
<arg>==</arg>
<arg>${text}</arg>
<tag>Assertion</tag>
<tag>Getter</tag>
<tag>PageContent</tag>
<doc>Returns text attribute of the element found by ``selector``.</doc>
<msg timestamp="20241010 16:06:40.347" level="INFO">Text: 'OK'</msg>
<status status="PASS" starttime="20241010 16:06:40.297" endtime="20241010 16:06:40.348"/>
</kw>
<status status="PASS" starttime="20241010 16:06:40.296" endtime="20241010 16:06:40.348"/>
</kw>
<kw name="Close Downtime info" library="captive_portal">
<kw name="Click" library="Browser">
<arg>${NETWORK_CAPTIVE_PORTAL_PAGE_DOWNTIME_OK_BUTTON}</arg>
<tag>PageContent</tag>
<tag>Setter</tag>
<doc>Simulates mouse click on the element found by ``selector``.</doc>
<status status="PASS" starttime="20241010 16:06:40.350" endtime="20241010 16:06:40.432"/>
</kw>
<status status="PASS" starttime="20241010 16:06:40.349" endtime="20241010 16:06:40.432"/>
</kw>
<kw name="Downtime select should be enabled" library="captive_portal">
<kw name="Get Element States" library="Browser">
<arg>${NETWORK_CAPTIVE_PORTAL_PAGE_DOWNTIME_SELECT}</arg>
<arg>contains</arg>
<arg>enabled</arg>
<arg>message=Downtime select should be enabled (editable).</arg>
<tag>Assertion</tag>
<tag>Getter</tag>
<tag>PageContent</tag>
<doc>Get the active states from the element found by ``selector``.</doc>
<msg timestamp="20241010 16:06:40.529" level="INFO">States are: ['attached', 'visible', 'enabled', 'editable', 'defocused']</msg>
<status status="PASS" starttime="20241010 16:06:40.434" endtime="20241010 16:06:40.529"/>
</kw>
<status status="PASS" starttime="20241010 16:06:40.433" endtime="20241010 16:06:40.530"/>
</kw>
<kw name="Open Downtime selection dropdown menu" library="captive_portal">
<kw name="Get Element States" library="Browser">
<var>${elem_states}</var>
<arg>${NETWORK_CAPTIVE_PORTAL_PAGE_DOWNTIME_SELECT_OPTIONS_DROPDOWN}</arg>
<tag>Assertion</tag>
<tag>Getter</tag>
<tag>PageContent</tag>
<doc>Get the active states from the element found by ``selector``.</doc>
<msg timestamp="20241010 16:06:40.601" level="INFO">States are: ['attached', 'hidden', 'enabled', 'editable', 'defocused']</msg>
<msg timestamp="20241010 16:06:40.602" level="INFO">${elem_states} = ['attached', 'hidden', 'enabled', 'editable', 'defocused']</msg>
<status status="PASS" starttime="20241010 16:06:40.531" endtime="20241010 16:06:40.602"/>
</kw>
<if>
<branch type="IF" condition="&quot;hidden&quot; in ${elem_states}">
<kw name="Click" library="Browser">
<arg>${NETWORK_CAPTIVE_PORTAL_PAGE_DOWNTIME_SELECT}</arg>
<tag>PageContent</tag>
<tag>Setter</tag>
[...]
<tag>PageContent</tag>
<doc>Returns a reference to Playwright [https://playwright.dev/docs/api/class-locator|Locator]
for all matched elements by ``selector``.</doc>
<msg timestamp="20241010 16:06:47.397" level="INFO">Found Locator@xpath=//*[@id="root"]/div[3]/div/div[6]/div[1]/div/div/ul/li &gt;&gt; nth=0,Locator@xpath=//*[@id="root"]/div[3]/div/div[6]/div[1]/div/div/ul/li &gt;&gt; nth=1 Locators successfully.</msg>
<msg timestamp="20241010 16:06:47.397" level="INFO">${method_list} = ['xpath=//*[@id="root"]/div[3]/div/div[6]/div[1]/div/div/ul/li &gt;&gt; nth=0', 'xpath=//*[@id="root"]/div[3]/div/div[6]/div[1]/div/div/ul/li &gt;&gt; nth=1']</msg>
<status status="PASS" starttime="20241010 16:06:47.386" endtime="20241010 16:06:47.397"/>
</kw>
<for flavor="IN">
<var>${method_elem}</var>
<value>@{method_list}</value>
<iter>
<var name="${method_elem}">xpath=//*[@id="root"]/div[3]/div/div[6]/div[1]/div/div/ul/li &gt;&gt; nth=0</var>
<kw name="Get Text" library="Browser">
<var>${method_text}</var>
<arg>${method_elem}</arg>
<tag>Assertion</tag>
<tag>Getter</tag>
<tag>PageContent</tag>
<doc>Returns text attribute of the element found by ``selector``.</doc>
<msg timestamp="20241010 16:06:47.422" level="INFO">Text: 'Externo'</msg>
<msg timestamp="20241010 16:06:47.422" level="INFO">${method_text} = Externo</msg>
<status status="PASS" starttime="20241010 16:06:47.398" endtime="20241010 16:06:47.422"/>
</kw>
<if>
<branch type="IF" condition="&quot;${method_text}&quot; == &quot;${text}&quot;">
<kw name="Click" library="Browser">
<arg>${method_elem}</arg>
<tag>PageContent</tag>
<tag>Setter</tag>
<doc>Simulates mouse click on the element found by ``selector``.</doc>
<status status="PASS" starttime="20241010 16:06:47.424" endtime="20241010 16:06:47.496"/>
</kw>
<kw name="Get Element States" library="Browser">
<arg>${NETWORK_CAPTIVE_PORTAL_PAGE_AUTHENTICATION_TYPE_SELECT_OPTIONS_DROPDOWN}</arg>
<arg>not contains</arg>
<arg>visible</arg>
<arg>message=There should be ${text} authentication type available, but there were.</arg>
<tag>Assertion</tag>
<tag>Getter</tag>
<tag>PageContent</tag>
<doc>Get the active states from the element found by ``selector``.</doc>
<msg timestamp="20241010 16:06:47.537" level="INFO">States are: ['attached', 'hidden', 'enabled', 'editable', 'defocused']</msg>
<status status="PASS" starttime="20241010 16:06:47.497" endtime="20241010 16:06:47.537"/>
</kw>
<return>
<status status="PASS" starttime="20241010 16:06:47.537" endtime="20241010 16:06:47.537"/>
</return>
<status status="PASS" starttime="20241010 16:06:47.423" endtime="20241010 16:06:47.537"/>
</branch>
<status status="PASS" starttime="20241010 16:06:47.422" endtime="20241010 16:06:47.538"/>
</if>
<status status="PASS" starttime="20241010 16:06:47.398" endtime="20241010 16:06:47.538"/>
</iter>
<status status="PASS" starttime="20241010 16:06:47.397" endtime="20241010 16:06:47.538"/>
</for>
<kw name="Fail" library="BuiltIn">
<arg>Authentication type method ${text} is not available.</arg>
<doc>Fails the test with the given message and optionally alters its tags.</doc>
<status status="NOT RUN" starttime="20241010 16:06:47.538" endtime="20241010 16:06:47.539"/>
</kw>
<status status="PASS" starttime="20241010 16:06:47.321" endtime="20241010 16:06:47.539"/>
</kw>
<status status="PASS" starttime="20241010 16:06:47.321" endtime="20241010 16:06:47.539"/>
</kw>
<kw name="Authentication type &quot;Radius&quot; should be available" library="captive_portal" sourcename="Authentication type &quot;${text}&quot; should be available">
<kw name="Select Authentication type &quot;${text}&quot;" library="captive_portal" sourcename="Select Authentication type &quot;${text}&quot;">
<kw name="Open Authentication type selection dropdown menu" library="captive_portal">
<kw name="Get Element States" library="Browser">
<var>${elem_states}</var>
<arg>${NETWORK_CAPTIVE_PORTAL_PAGE_AUTHENTICATION_TYPE_SELECT_OPTIONS_DROPDOWN}</arg>
<tag>Assertion</tag>
<tag>Getter</tag>
<tag>PageContent</tag>
<doc>Get the active states from the element found by ``selector``.</doc>
<msg timestamp="20241010 16:06:47.665" level="INFO">States are: ['attached', 'hidden', 'enabled', 'editable', 'defocused']</msg>
<msg timestamp="20241010 16:06:47.665" level="INFO">${elem_states} = ['attached', 'hidden', 'enabled', 'editable', 'defocused']</msg>
<status status="PASS" starttime="20241010 16:06:47.548" endtime="20241010 16:06:47.665"/>
</kw>
<if>
<branch type="IF" condition="&quot;hidden&quot; in ${elem_states}">
<kw name="Click" library="Browser">
<arg>${NETWORK_CAPTIVE_PORTAL_PAGE_AUTHENTICATION_TYPE_SELECT}</arg>
<tag>PageContent</tag>
<tag>Setter</tag>
<doc>Simulates mouse click on the element found by ``selector``.</doc>
<status status="PASS" starttime="20241010 16:06:47.668" endtime="20241010 16:06:47.749"/>
</kw>
<status status="PASS" starttime="20241010 16:06:47.666" endtime="20241010 16:06:47.749"/>
</branch>
<status status="PASS" starttime="20241010 16:06:47.665" endtime="20241010 16:06:47.749"/>
</if>
<status status="PASS" starttime="20241010 16:06:47.546" endtime="20241010 16:06:47.749"/>
</kw>
<kw name="Get Elements" library="Browser">
<var>${method_list}</var>
<arg>${NETWORK_CAPTIVE_PORTAL_PAGE_AUTHENTICATION_TYPE_SELECT_OPTIONS_DROPDOWN}/li</arg>
<tag>Getter</tag>
<tag>PageContent</tag>
<doc>Returns a reference to Playwright [https://playwright.dev/docs/api/class-locator|Locator]
for all matched elements by ``selector``.</doc>
<msg timestamp="20241010 16:06:47.764" level="INFO">Found Locator@xpath=//*[@id="root"]/div[3]/div/div[6]/div[1]/div/div/ul/li &gt;&gt; nth=0,Locator@xpath=//*[@id="root"]/div[3]/div/div[6]/div[1]/div/div/ul/li &gt;&gt; nth=1 Locators successfully.</msg>
<msg timestamp="20241010 16:06:47.765" level="INFO">${method_list} = ['xpath=//*[@id="root"]/div[3]/div/div[6]/div[1]/div/div/ul/li &gt;&gt; nth=0', 'xpath=//*[@id="root"]/div[3]/div/div[6]/div[1]/div/div/ul/li &gt;&gt; nth=1']</msg>
<status status="PASS" starttime="20241010 16:06:47.750" endtime="20241010 16:06:47.765"/>
</kw>
<for flavor="IN">
<var>${method_elem}</var>
<value>@{method_list}</value>
<iter>
<var name="${method_elem}">xpath=//*[@id="root"]/div[3]/div/div[6]/div[1]/div/div/ul/li &gt;&gt; nth=0</var>
<kw name="Get Text" library="Browser">
<var>${method_text}</var>
<arg>${method_elem}</arg>
<tag>Assertion</tag>
<tag>Getter</tag>
<tag>PageContent</tag>
<doc>Returns text attribute of the element found by ``selector``.</doc>
<msg timestamp="20241010 16:06:47.795" level="INFO">Text: 'Externo'</msg>
<msg timestamp="20241010 16:06:47.795" level="INFO">${method_text} = Externo</msg>
<status status="PASS" starttime="20241010 16:06:47.766" endtime="20241010 16:06:47.795"/>
</kw>
<if>
<branch type="IF" condition="&quot;${method_text}&quot; == &quot;${text}&quot;">
<kw name="Click" library="Browser">
<arg>${method_elem}</arg>
<tag>PageContent</tag>
<tag>Setter</tag>
<doc>Simulates mouse click on the element found by ``selector``.</doc>
<status status="NOT RUN" starttime="20241010 16:06:47.796" endtime="20241010 16:06:47.796"/>
</kw>
<kw name="Get Element States" library="Browser">
<arg>${NETWORK_CAPTIVE_PORTAL_PAGE_AUTHENTICATION_TYPE_SELECT_OPTIONS_DROPDOWN}</arg>
<arg>not contains</arg>
<arg>visible</arg>
<arg>message=There should be ${text} authentication type available, but there were.</arg>
<tag>Assertion</tag>
<tag>Getter</tag>
<tag>PageContent</tag>
<doc>Get the active states from the element found by ``selector``.</doc>
<status status="NOT RUN" starttime="20241010 16:06:47.796" endtime="20241010 16:06:47.797"/>
</kw>
<return>
<status status="NOT RUN" starttime="20241010 16:06:47.797" endtime="20241010 16:06:47.797"/>
</return>
<status status="NOT RUN" starttime="20241010 16:06:47.795" endtime="20241010 16:06:47.797"/>
</branch>
<status status="PASS" starttime="20241010 16:06:47.795" endtime="20241010 16:06:47.797"/>
</if>
<status status="PASS" starttime="20241010 16:06:47.765" endtime="20241010 16:06:47.797"/>
</iter>
<iter>
<var name="${method_elem}">xpath=//*[@id="root"]/div[3]/div/div[6]/div[1]/div/div/ul/li &gt;&gt; nth=1</var>
<kw name="Get Text" library="Browser">
<var>${method_text}</var>
<arg>${method_elem}</arg>
<tag>Assertion</tag>
<tag>Getter</tag>
<tag>PageContent</tag>
<doc>Returns text attribute of the element found by ``selector``.</doc>
<msg timestamp="20241010 16:06:47.865" level="INFO">Text: 'Radius'</msg>
<msg timestamp="20241010 16:06:47.865" level="INFO">${method_text} = Radius</msg>
<status status="PASS" starttime="20241010 16:06:47.798" endtime="20241010 16:06:47.865"/>
</kw>
<if>
<branch type="IF" condition="&quot;${method_text}&quot; == &quot;${text}&quot;">
<kw name="Click" library="Browser">
<arg>${method_elem}</arg>
<tag>PageContent</tag>
<tag>Setter</tag>
<doc>Simulates mouse click on the element found by ``selector``.</doc>
<status status="PASS" starttime="20241010 16:06:47.866" endtime="20241010 16:06:47.959"/>
</kw>
<kw name="Get Element States" library="Browser">
<arg>${NETWORK_CAPTIVE_PORTAL_PAGE_AUTHENTICATION_TYPE_SELECT_OPTIONS_DROPDOWN}</arg>
<arg>not contains</arg>
<arg>visible</arg>
<arg>message=There should be ${text} authentication type available, but there were.</arg>
<tag>Assertion</tag>
<tag>Getter</tag>
<tag>PageContent</tag>
<doc>Get the active states from the element found by ``selector``.</doc>
<msg timestamp="20241010 16:06:48.020" level="INFO">States are: ['attached', 'hidden', 'enabled', 'editable', 'defocused']</msg>
<status status="PASS" starttime="20241010 16:06:47.960" endtime="20241010 16:06:48.020"/>
</kw>
<return>
<status status="PASS" starttime="20241010 16:06:48.021" endtime="20241010 16:06:48.021"/>
</return>
<status status="PASS" starttime="20241010 16:06:47.866" endtime="20241010 16:06:48.021"/>
</branch>
<status status="PASS" starttime="20241010 16:06:47.865" endtime="20241010 16:06:48.021"/>
</if>
<status status="PASS" starttime="20241010 16:06:47.798" endtime="20241010 16:06:48.021"/>
</iter>
<status status="PASS" starttime="20241010 16:06:47.765" endtime="20241010 16:06:48.021"/>
</for>
<kw name="Fail" library="BuiltIn">
<arg>Authentication type method ${text} is not available.</arg>
<doc>Fails the test with the given message and optionally alters its tags.</doc>
<status status="NOT RUN" starttime="20241010 16:06:48.022" endtime="20241010 16:06:48.022"/>
</kw>
<status status="PASS" starttime="20241010 16:06:47.544" endtime="20241010 16:06:48.023"/>
</kw>
<status status="PASS" starttime="20241010 16:06:47.542" endtime="20241010 16:06:48.023"/>
</kw>
<kw name="No Operation" library="BuiltIn" type="TEARDOWN">
<doc>Does absolutely nothing.</doc>
<status status="PASS" starttime="20241010 16:06:48.024" endtime="20241010 16:06:48.024"/>
</kw>
<tag>captive-portal</tag>
<tag>lang-pt</tag>
<tag>smoke</tag>
<status status="PASS" starttime="20241010 16:06:47.131" endtime="20241010 16:06:48.025"/>
</test>
<test id="s1-s1-s1-s1-s1-s1-t7" name="One server are available: Example Server" line="179">
<kw name="There should be &quot;1&quot; server methods available for captive portal screen" library="captive_portal" sourcename="There should be &quot;${number}&quot; server methods available for captive portal screen">
<kw name="Open Server selection dropdown menu" library="wireless_ssid_keywords">
<kw name="Get Element States" library="Browser">
<var>${elem_states}</var>
<arg>${WIRELESS_SSID_PAGE_SERVER_SELECT_OPTIONS_DROPDOWN}</arg>
<tag>Assertion</tag>
<tag>Getter</tag>
<tag>PageContent</tag>
<doc>Get the active states from the element found by ``selector``.</doc>
<msg timestamp="20241010 16:06:48.331" level="INFO">States are: ['detached']</msg>
<msg timestamp="20241010 16:06:48.332" level="INFO">${elem_states} = ['detached']</msg>
<status status="PASS" starttime="20241010 16:06:48.071" endtime="20241010 16:06:48.332"/>
</kw>
<if>
<branch type="IF" condition="&quot;hidden&quot; in ${elem_states}">
<kw name="Click" library="Browser">
<arg>${WIRELESS_SSID_PAGE_SERVER_SELECT}</arg>
<tag>PageContent</tag>
<tag>Setter</tag>
<doc>Simulates mouse click on the element found by ``selector``.</doc>
<status status="NOT RUN" starttime="20241010 16:06:48.333" endtime="20241010 16:06:48.333"/>
</kw>
<status status="NOT RUN" starttime="20241010 16:06:48.332" endtime="20241010 16:06:48.333"/>
</branch>
<status status="PASS" starttime="20241010 16:06:48.332" endtime="20241010 16:06:48.333"/>
</if>
<status status="PASS" starttime="20241010 16:06:48.070" endtime="20241010 16:06:48.334"/>
</kw>
<kw name="Get Elements" library="Browser">
<var>${server_list}</var>
<arg>${NETWORK_CAPTIVE_PORTAL_PAGE_SERVER_SELECT_OPTIONS_DROPDOWN}/li</arg>
<tag>Getter</tag>
<tag>PageContent</tag>
<doc>Returns a reference to Playwright [https://playwright.dev/docs/api/class-locator|Locator]
for all matched elements by ``selector``.</doc>
<msg timestamp="20241010 16:06:48.347" level="INFO">Found Locator@xpath=//*[@id="root"]/div[3]/div/div[8]/div[1]/div[2]/div/div[1]/div/div/ul/li &gt;&gt; nth=0 Locators successfully.</msg>
<msg timestamp="20241010 16:06:48.347" level="INFO">${server_list} = ['xpath=//*[@id="root"]/div[3]/div/div[8]/div[1]/div[2]/div/div[1]/div/div/ul/li &gt;&gt; nth=0']</msg>
<status status="PASS" starttime="20241010 16:06:48.334" endtime="20241010 16:06:48.347"/>
</kw>
<kw name="Get Length" library="BuiltIn">
<var>${list_length}</var>
<arg>${server_list}</arg>
<doc>Returns and logs the length of the given item as an integer.</doc>
<msg timestamp="20241010 16:06:48.348" level="INFO">Length is 1</msg>
<msg timestamp="20241010 16:06:48.348" level="INFO">${list_length} = 1</msg>
<status status="PASS" starttime="20241010 16:06:48.348" endtime="20241010 16:06:48.349"/>
</kw>
<kw name="Should Be Equal As Integers" library="BuiltIn">
<arg>${list_length}</arg>
<arg>${number}</arg>
<arg>msg=There should be ${number} server available, but there were ${list_length}.</arg>
<arg>values=${false}</arg>
<doc>Fails if objects are unequal after converting them to integers.</doc>
<msg timestamp="20241010 16:06:48.349" level="INFO">Argument types are:
&lt;class 'int'&gt;
&lt;class 'str'&gt;</msg>
<status status="PASS" starttime="20241010 16:06:48.349" endtime="20241010 16:06:48.350"/>
</kw>
<status status="PASS" starttime="20241010 16:06:48.069" endtime="20241010 16:06:48.350"/>
</kw>
<kw name="No Operation" library="BuiltIn" type="TEARDOWN">
<doc>Does absolutely nothing.</doc>
<status status="PASS" starttime="20241010 16:06:48.350" endtime="20241010 16:06:48.350"/>
</kw>
<tag>captive-portal</tag>
<tag>lang-pt</tag>
<tag>smoke</tag>
<status status="PASS" starttime="20241010 16:06:48.054" endtime="20241010 16:06:48.351"/>
</test>
<test id="s1-s1-s1-s1-s1-s1-t8" name="Discard changes settings four captive portal smoke" line="185">
<kw name="Reload" library="Browser">
<tag>BrowserControl</tag>
<tag>Setter</tag>
<doc>Reloads current active page.</doc>
<msg timestamp="20241010 16:06:48.702" level="INFO">Reloaded page</msg>
<status status="PASS" starttime="20241010 16:06:48.374" endtime="20241010 16:06:48.702"/>
</kw>
<kw name="Discard saved settings" library="common_resources">
<kw name="Click" library="Browser">
<arg>${HEADER_SETTINGS_ICON}</arg>
<tag>PageContent</tag>
<tag>Setter</tag>
<doc>Simulates mouse click on the element found by ``selector``.</doc>
<status status="PASS" starttime="20241010 16:06:48.704" endtime="20241010 16:06:49.710"/>
</kw>
<kw name="Wait For Elements State" library="Browser">
<arg>${HEADER_SETTINGS_DROPDOWN}</arg>
<arg>visible</arg>
<tag>PageContent</tag>
<tag>Wait</tag>
<doc>Waits for the element found by ``selector`` to satisfy state option.</doc>
<msg timestamp="20241010 16:06:49.727" level="INFO">Waited for Element with selector xpath=//*[@id="root"]/div[2]/div[2]/div/div[3]/div[3] at state visible</msg>
<status status="PASS" starttime="20241010 16:06:49.711" endtime="20241010 16:06:49.727"/>
</kw>
<kw name="Click" library="Browser">
<arg>${HEADER_SETTINGS_DISCARD_SETTINGS_BUTTON}</arg>
<tag>PageContent</tag>
<tag>Setter</tag>
<doc>Simulates mouse click on the element found by ``selector``.</doc>
<status status="PASS" starttime="20241010 16:06:49.727" endtime="20241010 16:06:49.801"/>
</kw>
<kw name="Wait For Elements State" library="Browser">
<arg>${HEADER_SETTINGS_DISCARD_SETTINGS_MODAL_CONFIRM_BUTTON}</arg>
<arg>visible</arg>
<tag>PageContent</tag>
<tag>Wait</tag>
<doc>Waits for the element found by ``selector`` to satisfy state option.</doc>
<msg timestamp="20241010 16:06:49.828" level="INFO">Waited for Element with selector xpath=//*[@id="overlay-cntse"]/div/div/div[3]/div/button[2] at state visible</msg>
<status status="PASS" starttime="20241010 16:06:49.802" endtime="20241010 16:06:49.828"/>
</kw>
<kw name="Click" library="Browser">
<arg>${HEADER_SETTINGS_DISCARD_SETTINGS_MODAL_CONFIRM_BUTTON}</arg>
<tag>PageContent</tag>
<tag>Setter</tag>
<doc>Simulates mouse click on the element found by ``selector``.</doc>
<status status="PASS" starttime="20241010 16:06:49.828" endtime="20241010 16:06:49.933"/>
</kw>
<kw name="Sleep" library="BuiltIn">
<arg>1s</arg>
<doc>Pauses the test executed for the given time.</doc>
<msg timestamp="20241010 16:06:50.934" level="INFO">Slept 1 second</msg>
<status status="PASS" starttime="20241010 16:06:49.934" endtime="20241010 16:06:50.934"/>
</kw>
<kw name="Wait Until Network Is Idle" library="Browser">
<arg>30s</arg>
<tag>HTTP</tag>
<tag>Wait</tag>
<doc>Waits until there has been at least one instance of 500 ms of no network traffic on the page after loading.</doc>
<status status="PASS" starttime="20241010 16:06:50.935" endtime="20241010 16:06:58.093"/>
</kw>
<status status="PASS" starttime="20241010 16:06:48.703" endtime="20241010 16:06:58.094"/>
</kw>
<kw name="Run Keyword If Test Failed" library="BuiltIn" type="TEARDOWN">
<arg>Run keywords</arg>
<arg>Clear browser storages</arg>
<arg>AND</arg>
<arg>Login to DUT</arg>
<arg>language=portuguese</arg>
<arg>AND</arg>
<arg>Access network captive portal settings page</arg>
<doc>Runs the given keyword with the given arguments, if the test failed.</doc>
<status status="PASS" starttime="20241010 16:06:58.095" endtime="20241010 16:06:58.095"/>
</kw>
<tag>captive-portal</tag>
<tag>lang-pt</tag>
<tag>robot:continue-on-failure</tag>
<status status="PASS" starttime="20241010 16:06:48.360" endtime="20241010 16:06:58.096"/>
</test>
<status status="PASS" starttime="20241010 16:06:03.051" endtime="20241010 16:06:58.119"/>
</suite>
<status status="PASS" starttime="20241010 16:06:03.048" endtime="20241010 16:06:58.427"/>
</suite>
<status status="PASS" starttime="20241010 16:06:03.046" endtime="20241010 16:06:58.444"/>
</suite>
<status status="PASS" starttime="20241010 16:06:03.044" endtime="20241010 16:06:58.451"/>
</suite>
<status status="PASS" starttime="20241010 16:06:03.042" endtime="20241010 16:06:58.455"/>
</suite>
<status status="PASS" starttime="20241010 16:06:03.013" endtime="20241010 16:06:58.458"/>
</suite>
<statistics>
<total>
<stat pass="8" fail="0" skip="0">All Tests</stat>
</total>
<tag>
<stat pass="8" fail="0" skip="0">captive-portal</stat>
<stat pass="8" fail="0" skip="0">lang-pt</stat>
<stat pass="6" fail="0" skip="0">smoke</stat>
</tag>
<suite>
<stat pass="8" fail="0" skip="0" id="s1" name="Morpheus-Hypnos">Morpheus-Hypnos</stat>
<stat pass="8" fail="0" skip="0" id="s1-s1" name="Tests">Morpheus-Hypnos.Tests</stat>
<stat pass="8" fail="0" skip="0" id="s1-s1-s1" name="Smoke">Morpheus-Hypnos.Tests.Smoke</stat>
<stat pass="8" fail="0" skip="0" id="s1-s1-s1-s1" name="Network">Morpheus-Hypnos.Tests.Smoke.Network</stat>
<stat pass="8" fail="0" skip="0" id="s1-s1-s1-s1-s1" name="Captive Portal">Morpheus-Hypnos.Tests.Smoke.Network.Captive Portal</stat>
<stat pass="8" fail="0" skip="0" id="s1-s1-s1-s1-s1-s1" name="Portuguese">Morpheus-Hypnos.Tests.Smoke.Network.Captive Portal.Portuguese</stat>
</suite>
</statistics>
<errors>
<msg timestamp="20241010 16:06:04.322" level="WARN">Open Browser is for quick experimentation and debugging only. Use New Page for production.</msg>
</errors>
</robot>
